/!\ FAILSAFE /!\  Sun May 24 22:50:29 +0200 2009
  Status: 500 Internal Server Error
  no such file to load -- sqlite3
    /usr/local/ruby1.8.6/lib/ruby/site_ruby/1.8/rubygems/custom_require.rb:36:in `gem_original_require'
    /usr/local/ruby1.8.6/lib/ruby/site_ruby/1.8/rubygems/custom_require.rb:36:in `require'
    /usr/local/ruby1.8.6/lib/ruby/gems/1.8/gems/activesupport-2.3.2/lib/active_support/dependencies.rb:156:in `require'
    /usr/local/ruby1.8.6/lib/ruby/gems/1.8/gems/activesupport-2.3.2/lib/active_support/dependencies.rb:521:in `new_constants_in'
    /usr/local/ruby1.8.6/lib/ruby/gems/1.8/gems/activesupport-2.3.2/lib/active_support/dependencies.rb:156:in `require'
    /usr/local/ruby1.8.6/lib/ruby/gems/1.8/gems/activesupport-2.3.2/lib/active_support/core_ext/kernel/requires.rb:7:in `require_library_or_gem'
    /usr/local/ruby1.8.6/lib/ruby/gems/1.8/gems/activesupport-2.3.2/lib/active_support/core_ext/kernel/reporting.rb:11:in `silence_warnings'
    /usr/local/ruby1.8.6/lib/ruby/gems/1.8/gems/activesupport-2.3.2/lib/active_support/core_ext/kernel/requires.rb:5:in `require_library_or_gem'
    /usr/local/ruby1.8.6/lib/ruby/gems/1.8/gems/activerecord-2.3.2/lib/active_record/connection_adapters/sqlite3_adapter.rb:10:in `sqlite3_connection'
    /usr/local/ruby1.8.6/lib/ruby/gems/1.8/gems/activerecord-2.3.2/lib/active_record/connection_adapters/abstract/connection_pool.rb:223:in `send'
    /usr/local/ruby1.8.6/lib/ruby/gems/1.8/gems/activerecord-2.3.2/lib/active_record/connection_adapters/abstract/connection_pool.rb:223:in `new_connection'
    /usr/local/ruby1.8.6/lib/ruby/gems/1.8/gems/activerecord-2.3.2/lib/active_record/connection_adapters/abstract/connection_pool.rb:245:in `checkout_new_connection'
    /usr/local/ruby1.8.6/lib/ruby/gems/1.8/gems/activerecord-2.3.2/lib/active_record/connection_adapters/abstract/connection_pool.rb:188:in `checkout'
    /usr/local/ruby1.8.6/lib/ruby/gems/1.8/gems/activerecord-2.3.2/lib/active_record/connection_adapters/abstract/connection_pool.rb:184:in `loop'
    /usr/local/ruby1.8.6/lib/ruby/gems/1.8/gems/activerecord-2.3.2/lib/active_record/connection_adapters/abstract/connection_pool.rb:184:in `checkout'
    /usr/local/ruby1.8.6/lib/ruby/1.8/monitor.rb:242:in `synchronize'
    /usr/local/ruby1.8.6/lib/ruby/gems/1.8/gems/activerecord-2.3.2/lib/active_record/connection_adapters/abstract/connection_pool.rb:183:in `checkout'
    /usr/local/ruby1.8.6/lib/ruby/gems/1.8/gems/activerecord-2.3.2/lib/active_record/connection_adapters/abstract/connection_pool.rb:98:in `connection'
    /usr/local/ruby1.8.6/lib/ruby/gems/1.8/gems/activerecord-2.3.2/lib/active_record/connection_adapters/abstract/connection_pool.rb:326:in `retrieve_connection'
    /usr/local/ruby1.8.6/lib/ruby/gems/1.8/gems/activerecord-2.3.2/lib/active_record/connection_adapters/abstract/connection_specification.rb:123:in `retrieve_connection'
    /usr/local/ruby1.8.6/lib/ruby/gems/1.8/gems/activerecord-2.3.2/lib/active_record/connection_adapters/abstract/connection_specification.rb:115:in `connection'
    /usr/local/ruby1.8.6/lib/ruby/gems/1.8/gems/activerecord-2.3.2/lib/active_record/query_cache.rb:9:in `cache'
    /usr/local/ruby1.8.6/lib/ruby/gems/1.8/gems/activerecord-2.3.2/lib/active_record/query_cache.rb:28:in `call'
    /usr/local/ruby1.8.6/lib/ruby/gems/1.8/gems/activerecord-2.3.2/lib/active_record/connection_adapters/abstract/connection_pool.rb:361:in `call'
    /usr/local/ruby1.8.6/lib/ruby/gems/1.8/gems/actionpack-2.3.2/lib/action_controller/vendor/rack-1.0/rack/head.rb:9:in `call'
    /usr/local/ruby1.8.6/lib/ruby/gems/1.8/gems/actionpack-2.3.2/lib/action_controller/vendor/rack-1.0/rack/methodoverride.rb:24:in `call'
    /usr/local/ruby1.8.6/lib/ruby/gems/1.8/gems/actionpack-2.3.2/lib/action_controller/params_parser.rb:15:in `call'
    /usr/local/ruby1.8.6/lib/ruby/gems/1.8/gems/actionpack-2.3.2/lib/action_controller/rewindable_input.rb:25:in `call'
    /usr/local/ruby1.8.6/lib/ruby/gems/1.8/gems/actionpack-2.3.2/lib/action_controller/session/cookie_store.rb:93:in `call'
    /usr/local/ruby1.8.6/lib/ruby/gems/1.8/gems/actionpack-2.3.2/lib/action_controller/reloader.rb:9:in `call'
    /usr/local/ruby1.8.6/lib/ruby/gems/1.8/gems/actionpack-2.3.2/lib/action_controller/failsafe.rb:11:in `call'
    /usr/local/ruby1.8.6/lib/ruby/gems/1.8/gems/actionpack-2.3.2/lib/action_controller/vendor/rack-1.0/rack/lock.rb:11:in `call'
    /usr/local/ruby1.8.6/lib/ruby/gems/1.8/gems/actionpack-2.3.2/lib/action_controller/vendor/rack-1.0/rack/lock.rb:11:in `synchronize'
    /usr/local/ruby1.8.6/lib/ruby/gems/1.8/gems/actionpack-2.3.2/lib/action_controller/vendor/rack-1.0/rack/lock.rb:11:in `call'
    /usr/local/ruby1.8.6/lib/ruby/gems/1.8/gems/actionpack-2.3.2/lib/action_controller/dispatcher.rb:106:in `call'
    /usr/local/ruby1.8.6/lib/ruby/gems/1.8/gems/rails-2.3.2/lib/rails/rack/static.rb:31:in `call'
    /usr/local/ruby1.8.6/lib/ruby/gems/1.8/gems/actionpack-2.3.2/lib/action_controller/vendor/rack-1.0/rack/urlmap.rb:46:in `call'
    /usr/local/ruby1.8.6/lib/ruby/gems/1.8/gems/actionpack-2.3.2/lib/action_controller/vendor/rack-1.0/rack/urlmap.rb:40:in `each'
    /usr/local/ruby1.8.6/lib/ruby/gems/1.8/gems/actionpack-2.3.2/lib/action_controller/vendor/rack-1.0/rack/urlmap.rb:40:in `call'
    /usr/local/ruby1.8.6/lib/ruby/gems/1.8/gems/rails-2.3.2/lib/rails/rack/log_tailer.rb:17:in `call'
    /usr/local/ruby1.8.6/lib/ruby/gems/1.8/gems/actionpack-2.3.2/lib/action_controller/vendor/rack-1.0/rack/content_length.rb:13:in `call'
    /usr/local/ruby1.8.6/lib/ruby/gems/1.8/gems/actionpack-2.3.2/lib/action_controller/vendor/rack-1.0/rack/handler/webrick.rb:46:in `service'
    /usr/local/ruby1.8.6/lib/ruby/1.8/webrick/httpserver.rb:104:in `service'
    /usr/local/ruby1.8.6/lib/ruby/1.8/webrick/httpserver.rb:65:in `run'
    /usr/local/ruby1.8.6/lib/ruby/1.8/webrick/server.rb:173:in `start_thread'
    /usr/local/ruby1.8.6/lib/ruby/1.8/webrick/server.rb:162:in `start'
    /usr/local/ruby1.8.6/lib/ruby/1.8/webrick/server.rb:162:in `start_thread'
    /usr/local/ruby1.8.6/lib/ruby/1.8/webrick/server.rb:95:in `start'
    /usr/local/ruby1.8.6/lib/ruby/1.8/webrick/server.rb:92:in `each'
    /usr/local/ruby1.8.6/lib/ruby/1.8/webrick/server.rb:92:in `start'
    /usr/local/ruby1.8.6/lib/ruby/1.8/webrick/server.rb:23:in `start'
    /usr/local/ruby1.8.6/lib/ruby/1.8/webrick/server.rb:82:in `start'
    /usr/local/ruby1.8.6/lib/ruby/gems/1.8/gems/actionpack-2.3.2/lib/action_controller/vendor/rack-1.0/rack/handler/webrick.rb:13:in `run'
    /usr/local/ruby1.8.6/lib/ruby/gems/1.8/gems/rails-2.3.2/lib/commands/server.rb:111
    /usr/local/ruby1.8.6/lib/ruby/site_ruby/1.8/rubygems/custom_require.rb:31:in `gem_original_require'
    /usr/local/ruby1.8.6/lib/ruby/site_ruby/1.8/rubygems/custom_require.rb:31:in `require'
    script/server:3
/!\ FAILSAFE /!\  Sun May 24 22:51:27 +0200 2009
  Status: 500 Internal Server Error
  no such file to load -- sqlite3
    /usr/local/ruby1.8.6/lib/ruby/site_ruby/1.8/rubygems/custom_require.rb:36:in `gem_original_require'
    /usr/local/ruby1.8.6/lib/ruby/site_ruby/1.8/rubygems/custom_require.rb:36:in `require'
    /usr/local/ruby1.8.6/lib/ruby/gems/1.8/gems/activesupport-2.3.2/lib/active_support/dependencies.rb:156:in `require'
    /usr/local/ruby1.8.6/lib/ruby/gems/1.8/gems/activesupport-2.3.2/lib/active_support/dependencies.rb:521:in `new_constants_in'
    /usr/local/ruby1.8.6/lib/ruby/gems/1.8/gems/activesupport-2.3.2/lib/active_support/dependencies.rb:156:in `require'
    /usr/local/ruby1.8.6/lib/ruby/gems/1.8/gems/activesupport-2.3.2/lib/active_support/core_ext/kernel/requires.rb:7:in `require_library_or_gem'
    /usr/local/ruby1.8.6/lib/ruby/gems/1.8/gems/activesupport-2.3.2/lib/active_support/core_ext/kernel/reporting.rb:11:in `silence_warnings'
    /usr/local/ruby1.8.6/lib/ruby/gems/1.8/gems/activesupport-2.3.2/lib/active_support/core_ext/kernel/requires.rb:5:in `require_library_or_gem'
    /usr/local/ruby1.8.6/lib/ruby/gems/1.8/gems/activerecord-2.3.2/lib/active_record/connection_adapters/sqlite3_adapter.rb:10:in `sqlite3_connection'
    /usr/local/ruby1.8.6/lib/ruby/gems/1.8/gems/activerecord-2.3.2/lib/active_record/connection_adapters/abstract/connection_pool.rb:223:in `send'
    /usr/local/ruby1.8.6/lib/ruby/gems/1.8/gems/activerecord-2.3.2/lib/active_record/connection_adapters/abstract/connection_pool.rb:223:in `new_connection'
    /usr/local/ruby1.8.6/lib/ruby/gems/1.8/gems/activerecord-2.3.2/lib/active_record/connection_adapters/abstract/connection_pool.rb:245:in `checkout_new_connection'
    /usr/local/ruby1.8.6/lib/ruby/gems/1.8/gems/activerecord-2.3.2/lib/active_record/connection_adapters/abstract/connection_pool.rb:188:in `checkout'
    /usr/local/ruby1.8.6/lib/ruby/gems/1.8/gems/activerecord-2.3.2/lib/active_record/connection_adapters/abstract/connection_pool.rb:184:in `loop'
    /usr/local/ruby1.8.6/lib/ruby/gems/1.8/gems/activerecord-2.3.2/lib/active_record/connection_adapters/abstract/connection_pool.rb:184:in `checkout'
    /usr/local/ruby1.8.6/lib/ruby/1.8/monitor.rb:242:in `synchronize'
    /usr/local/ruby1.8.6/lib/ruby/gems/1.8/gems/activerecord-2.3.2/lib/active_record/connection_adapters/abstract/connection_pool.rb:183:in `checkout'
    /usr/local/ruby1.8.6/lib/ruby/gems/1.8/gems/activerecord-2.3.2/lib/active_record/connection_adapters/abstract/connection_pool.rb:98:in `connection'
    /usr/local/ruby1.8.6/lib/ruby/gems/1.8/gems/activerecord-2.3.2/lib/active_record/connection_adapters/abstract/connection_pool.rb:326:in `retrieve_connection'
    /usr/local/ruby1.8.6/lib/ruby/gems/1.8/gems/activerecord-2.3.2/lib/active_record/connection_adapters/abstract/connection_specification.rb:123:in `retrieve_connection'
    /usr/local/ruby1.8.6/lib/ruby/gems/1.8/gems/activerecord-2.3.2/lib/active_record/connection_adapters/abstract/connection_specification.rb:115:in `connection'
    /usr/local/ruby1.8.6/lib/ruby/gems/1.8/gems/activerecord-2.3.2/lib/active_record/query_cache.rb:9:in `cache'
    /usr/local/ruby1.8.6/lib/ruby/gems/1.8/gems/activerecord-2.3.2/lib/active_record/query_cache.rb:28:in `call'
    /usr/local/ruby1.8.6/lib/ruby/gems/1.8/gems/activerecord-2.3.2/lib/active_record/connection_adapters/abstract/connection_pool.rb:361:in `call'
    /usr/local/ruby1.8.6/lib/ruby/gems/1.8/gems/actionpack-2.3.2/lib/action_controller/vendor/rack-1.0/rack/head.rb:9:in `call'
    /usr/local/ruby1.8.6/lib/ruby/gems/1.8/gems/actionpack-2.3.2/lib/action_controller/vendor/rack-1.0/rack/methodoverride.rb:24:in `call'
    /usr/local/ruby1.8.6/lib/ruby/gems/1.8/gems/actionpack-2.3.2/lib/action_controller/params_parser.rb:15:in `call'
    /usr/local/ruby1.8.6/lib/ruby/gems/1.8/gems/actionpack-2.3.2/lib/action_controller/rewindable_input.rb:25:in `call'
    /usr/local/ruby1.8.6/lib/ruby/gems/1.8/gems/actionpack-2.3.2/lib/action_controller/session/cookie_store.rb:93:in `call'
    /usr/local/ruby1.8.6/lib/ruby/gems/1.8/gems/actionpack-2.3.2/lib/action_controller/reloader.rb:9:in `call'
    /usr/local/ruby1.8.6/lib/ruby/gems/1.8/gems/actionpack-2.3.2/lib/action_controller/failsafe.rb:11:in `call'
    /usr/local/ruby1.8.6/lib/ruby/gems/1.8/gems/actionpack-2.3.2/lib/action_controller/vendor/rack-1.0/rack/lock.rb:11:in `call'
    /usr/local/ruby1.8.6/lib/ruby/gems/1.8/gems/actionpack-2.3.2/lib/action_controller/vendor/rack-1.0/rack/lock.rb:11:in `synchronize'
    /usr/local/ruby1.8.6/lib/ruby/gems/1.8/gems/actionpack-2.3.2/lib/action_controller/vendor/rack-1.0/rack/lock.rb:11:in `call'
    /usr/local/ruby1.8.6/lib/ruby/gems/1.8/gems/actionpack-2.3.2/lib/action_controller/dispatcher.rb:106:in `call'
    /usr/local/ruby1.8.6/lib/ruby/gems/1.8/gems/rails-2.3.2/lib/rails/rack/static.rb:31:in `call'
    /usr/local/ruby1.8.6/lib/ruby/gems/1.8/gems/actionpack-2.3.2/lib/action_controller/vendor/rack-1.0/rack/urlmap.rb:46:in `call'
    /usr/local/ruby1.8.6/lib/ruby/gems/1.8/gems/actionpack-2.3.2/lib/action_controller/vendor/rack-1.0/rack/urlmap.rb:40:in `each'
    /usr/local/ruby1.8.6/lib/ruby/gems/1.8/gems/actionpack-2.3.2/lib/action_controller/vendor/rack-1.0/rack/urlmap.rb:40:in `call'
    /usr/local/ruby1.8.6/lib/ruby/gems/1.8/gems/rails-2.3.2/lib/rails/rack/log_tailer.rb:17:in `call'
    /usr/local/ruby1.8.6/lib/ruby/gems/1.8/gems/actionpack-2.3.2/lib/action_controller/vendor/rack-1.0/rack/content_length.rb:13:in `call'
    /usr/local/ruby1.8.6/lib/ruby/gems/1.8/gems/actionpack-2.3.2/lib/action_controller/vendor/rack-1.0/rack/handler/webrick.rb:46:in `service'
    /usr/local/ruby1.8.6/lib/ruby/1.8/webrick/httpserver.rb:104:in `service'
    /usr/local/ruby1.8.6/lib/ruby/1.8/webrick/httpserver.rb:65:in `run'
    /usr/local/ruby1.8.6/lib/ruby/1.8/webrick/server.rb:173:in `start_thread'
    /usr/local/ruby1.8.6/lib/ruby/1.8/webrick/server.rb:162:in `start'
    /usr/local/ruby1.8.6/lib/ruby/1.8/webrick/server.rb:162:in `start_thread'
    /usr/local/ruby1.8.6/lib/ruby/1.8/webrick/server.rb:95:in `start'
    /usr/local/ruby1.8.6/lib/ruby/1.8/webrick/server.rb:92:in `each'
    /usr/local/ruby1.8.6/lib/ruby/1.8/webrick/server.rb:92:in `start'
    /usr/local/ruby1.8.6/lib/ruby/1.8/webrick/server.rb:23:in `start'
    /usr/local/ruby1.8.6/lib/ruby/1.8/webrick/server.rb:82:in `start'
    /usr/local/ruby1.8.6/lib/ruby/gems/1.8/gems/actionpack-2.3.2/lib/action_controller/vendor/rack-1.0/rack/handler/webrick.rb:13:in `run'
    /usr/local/ruby1.8.6/lib/ruby/gems/1.8/gems/rails-2.3.2/lib/commands/server.rb:111
    /usr/local/ruby1.8.6/lib/ruby/site_ruby/1.8/rubygems/custom_require.rb:31:in `gem_original_require'
    /usr/local/ruby1.8.6/lib/ruby/site_ruby/1.8/rubygems/custom_require.rb:31:in `require'
    script/server:3
/!\ FAILSAFE /!\  Sun May 24 22:51:28 +0200 2009
  Status: 500 Internal Server Error
  no such file to load -- sqlite3
    /usr/local/ruby1.8.6/lib/ruby/site_ruby/1.8/rubygems/custom_require.rb:36:in `gem_original_require'
    /usr/local/ruby1.8.6/lib/ruby/site_ruby/1.8/rubygems/custom_require.rb:36:in `require'
    /usr/local/ruby1.8.6/lib/ruby/gems/1.8/gems/activesupport-2.3.2/lib/active_support/dependencies.rb:156:in `require'
    /usr/local/ruby1.8.6/lib/ruby/gems/1.8/gems/activesupport-2.3.2/lib/active_support/dependencies.rb:521:in `new_constants_in'
    /usr/local/ruby1.8.6/lib/ruby/gems/1.8/gems/activesupport-2.3.2/lib/active_support/dependencies.rb:156:in `require'
    /usr/local/ruby1.8.6/lib/ruby/gems/1.8/gems/activesupport-2.3.2/lib/active_support/core_ext/kernel/requires.rb:7:in `require_library_or_gem'
    /usr/local/ruby1.8.6/lib/ruby/gems/1.8/gems/activesupport-2.3.2/lib/active_support/core_ext/kernel/reporting.rb:11:in `silence_warnings'
    /usr/local/ruby1.8.6/lib/ruby/gems/1.8/gems/activesupport-2.3.2/lib/active_support/core_ext/kernel/requires.rb:5:in `require_library_or_gem'
    /usr/local/ruby1.8.6/lib/ruby/gems/1.8/gems/activerecord-2.3.2/lib/active_record/connection_adapters/sqlite3_adapter.rb:10:in `sqlite3_connection'
    /usr/local/ruby1.8.6/lib/ruby/gems/1.8/gems/activerecord-2.3.2/lib/active_record/connection_adapters/abstract/connection_pool.rb:223:in `send'
    /usr/local/ruby1.8.6/lib/ruby/gems/1.8/gems/activerecord-2.3.2/lib/active_record/connection_adapters/abstract/connection_pool.rb:223:in `new_connection'
    /usr/local/ruby1.8.6/lib/ruby/gems/1.8/gems/activerecord-2.3.2/lib/active_record/connection_adapters/abstract/connection_pool.rb:245:in `checkout_new_connection'
    /usr/local/ruby1.8.6/lib/ruby/gems/1.8/gems/activerecord-2.3.2/lib/active_record/connection_adapters/abstract/connection_pool.rb:188:in `checkout'
    /usr/local/ruby1.8.6/lib/ruby/gems/1.8/gems/activerecord-2.3.2/lib/active_record/connection_adapters/abstract/connection_pool.rb:184:in `loop'
    /usr/local/ruby1.8.6/lib/ruby/gems/1.8/gems/activerecord-2.3.2/lib/active_record/connection_adapters/abstract/connection_pool.rb:184:in `checkout'
    /usr/local/ruby1.8.6/lib/ruby/1.8/monitor.rb:242:in `synchronize'
    /usr/local/ruby1.8.6/lib/ruby/gems/1.8/gems/activerecord-2.3.2/lib/active_record/connection_adapters/abstract/connection_pool.rb:183:in `checkout'
    /usr/local/ruby1.8.6/lib/ruby/gems/1.8/gems/activerecord-2.3.2/lib/active_record/connection_adapters/abstract/connection_pool.rb:98:in `connection'
    /usr/local/ruby1.8.6/lib/ruby/gems/1.8/gems/activerecord-2.3.2/lib/active_record/connection_adapters/abstract/connection_pool.rb:326:in `retrieve_connection'
    /usr/local/ruby1.8.6/lib/ruby/gems/1.8/gems/activerecord-2.3.2/lib/active_record/connection_adapters/abstract/connection_specification.rb:123:in `retrieve_connection'
    /usr/local/ruby1.8.6/lib/ruby/gems/1.8/gems/activerecord-2.3.2/lib/active_record/connection_adapters/abstract/connection_specification.rb:115:in `connection'
    /usr/local/ruby1.8.6/lib/ruby/gems/1.8/gems/activerecord-2.3.2/lib/active_record/query_cache.rb:9:in `cache'
    /usr/local/ruby1.8.6/lib/ruby/gems/1.8/gems/activerecord-2.3.2/lib/active_record/query_cache.rb:28:in `call'
    /usr/local/ruby1.8.6/lib/ruby/gems/1.8/gems/activerecord-2.3.2/lib/active_record/connection_adapters/abstract/connection_pool.rb:361:in `call'
    /usr/local/ruby1.8.6/lib/ruby/gems/1.8/gems/actionpack-2.3.2/lib/action_controller/vendor/rack-1.0/rack/head.rb:9:in `call'
    /usr/local/ruby1.8.6/lib/ruby/gems/1.8/gems/actionpack-2.3.2/lib/action_controller/vendor/rack-1.0/rack/methodoverride.rb:24:in `call'
    /usr/local/ruby1.8.6/lib/ruby/gems/1.8/gems/actionpack-2.3.2/lib/action_controller/params_parser.rb:15:in `call'
    /usr/local/ruby1.8.6/lib/ruby/gems/1.8/gems/actionpack-2.3.2/lib/action_controller/rewindable_input.rb:25:in `call'
    /usr/local/ruby1.8.6/lib/ruby/gems/1.8/gems/actionpack-2.3.2/lib/action_controller/session/cookie_store.rb:93:in `call'
    /usr/local/ruby1.8.6/lib/ruby/gems/1.8/gems/actionpack-2.3.2/lib/action_controller/reloader.rb:9:in `call'
    /usr/local/ruby1.8.6/lib/ruby/gems/1.8/gems/actionpack-2.3.2/lib/action_controller/failsafe.rb:11:in `call'
    /usr/local/ruby1.8.6/lib/ruby/gems/1.8/gems/actionpack-2.3.2/lib/action_controller/vendor/rack-1.0/rack/lock.rb:11:in `call'
    /usr/local/ruby1.8.6/lib/ruby/gems/1.8/gems/actionpack-2.3.2/lib/action_controller/vendor/rack-1.0/rack/lock.rb:11:in `synchronize'
    /usr/local/ruby1.8.6/lib/ruby/gems/1.8/gems/actionpack-2.3.2/lib/action_controller/vendor/rack-1.0/rack/lock.rb:11:in `call'
    /usr/local/ruby1.8.6/lib/ruby/gems/1.8/gems/actionpack-2.3.2/lib/action_controller/dispatcher.rb:106:in `call'
    /usr/local/ruby1.8.6/lib/ruby/gems/1.8/gems/rails-2.3.2/lib/rails/rack/static.rb:31:in `call'
    /usr/local/ruby1.8.6/lib/ruby/gems/1.8/gems/actionpack-2.3.2/lib/action_controller/vendor/rack-1.0/rack/urlmap.rb:46:in `call'
    /usr/local/ruby1.8.6/lib/ruby/gems/1.8/gems/actionpack-2.3.2/lib/action_controller/vendor/rack-1.0/rack/urlmap.rb:40:in `each'
    /usr/local/ruby1.8.6/lib/ruby/gems/1.8/gems/actionpack-2.3.2/lib/action_controller/vendor/rack-1.0/rack/urlmap.rb:40:in `call'
    /usr/local/ruby1.8.6/lib/ruby/gems/1.8/gems/rails-2.3.2/lib/rails/rack/log_tailer.rb:17:in `call'
    /usr/local/ruby1.8.6/lib/ruby/gems/1.8/gems/actionpack-2.3.2/lib/action_controller/vendor/rack-1.0/rack/content_length.rb:13:in `call'
    /usr/local/ruby1.8.6/lib/ruby/gems/1.8/gems/actionpack-2.3.2/lib/action_controller/vendor/rack-1.0/rack/handler/webrick.rb:46:in `service'
    /usr/local/ruby1.8.6/lib/ruby/1.8/webrick/httpserver.rb:104:in `service'
    /usr/local/ruby1.8.6/lib/ruby/1.8/webrick/httpserver.rb:65:in `run'
    /usr/local/ruby1.8.6/lib/ruby/1.8/webrick/server.rb:173:in `start_thread'
    /usr/local/ruby1.8.6/lib/ruby/1.8/webrick/server.rb:162:in `start'
    /usr/local/ruby1.8.6/lib/ruby/1.8/webrick/server.rb:162:in `start_thread'
    /usr/local/ruby1.8.6/lib/ruby/1.8/webrick/server.rb:95:in `start'
    /usr/local/ruby1.8.6/lib/ruby/1.8/webrick/server.rb:92:in `each'
    /usr/local/ruby1.8.6/lib/ruby/1.8/webrick/server.rb:92:in `start'
    /usr/local/ruby1.8.6/lib/ruby/1.8/webrick/server.rb:23:in `start'
    /usr/local/ruby1.8.6/lib/ruby/1.8/webrick/server.rb:82:in `start'
    /usr/local/ruby1.8.6/lib/ruby/gems/1.8/gems/actionpack-2.3.2/lib/action_controller/vendor/rack-1.0/rack/handler/webrick.rb:13:in `run'
    /usr/local/ruby1.8.6/lib/ruby/gems/1.8/gems/rails-2.3.2/lib/commands/server.rb:111
    /usr/local/ruby1.8.6/lib/ruby/site_ruby/1.8/rubygems/custom_require.rb:31:in `gem_original_require'
    /usr/local/ruby1.8.6/lib/ruby/site_ruby/1.8/rubygems/custom_require.rb:31:in `require'
    script/server:3
/!\ FAILSAFE /!\  Sun May 24 22:52:11 +0200 2009
  Status: 500 Internal Server Error
  Can't connect to local MySQL server through socket '/tmp/mysql.sock' (2)
    /usr/local/ruby1.8.6/lib/ruby/gems/1.8/gems/activerecord-2.3.2/lib/active_record/connection_adapters/mysql_adapter.rb:576:in `real_connect'
    /usr/local/ruby1.8.6/lib/ruby/gems/1.8/gems/activerecord-2.3.2/lib/active_record/connection_adapters/mysql_adapter.rb:576:in `connect'
    /usr/local/ruby1.8.6/lib/ruby/gems/1.8/gems/activerecord-2.3.2/lib/active_record/connection_adapters/mysql_adapter.rb:204:in `initialize'
    /usr/local/ruby1.8.6/lib/ruby/gems/1.8/gems/activerecord-2.3.2/lib/active_record/connection_adapters/mysql_adapter.rb:76:in `new'
    /usr/local/ruby1.8.6/lib/ruby/gems/1.8/gems/activerecord-2.3.2/lib/active_record/connection_adapters/mysql_adapter.rb:76:in `mysql_connection'
    /usr/local/ruby1.8.6/lib/ruby/gems/1.8/gems/activerecord-2.3.2/lib/active_record/connection_adapters/abstract/connection_pool.rb:223:in `send'
    /usr/local/ruby1.8.6/lib/ruby/gems/1.8/gems/activerecord-2.3.2/lib/active_record/connection_adapters/abstract/connection_pool.rb:223:in `new_connection'
    /usr/local/ruby1.8.6/lib/ruby/gems/1.8/gems/activerecord-2.3.2/lib/active_record/connection_adapters/abstract/connection_pool.rb:245:in `checkout_new_connection'
    /usr/local/ruby1.8.6/lib/ruby/gems/1.8/gems/activerecord-2.3.2/lib/active_record/connection_adapters/abstract/connection_pool.rb:188:in `checkout'
    /usr/local/ruby1.8.6/lib/ruby/gems/1.8/gems/activerecord-2.3.2/lib/active_record/connection_adapters/abstract/connection_pool.rb:184:in `loop'
    /usr/local/ruby1.8.6/lib/ruby/gems/1.8/gems/activerecord-2.3.2/lib/active_record/connection_adapters/abstract/connection_pool.rb:184:in `checkout'
    /usr/local/ruby1.8.6/lib/ruby/1.8/monitor.rb:242:in `synchronize'
    /usr/local/ruby1.8.6/lib/ruby/gems/1.8/gems/activerecord-2.3.2/lib/active_record/connection_adapters/abstract/connection_pool.rb:183:in `checkout'
    /usr/local/ruby1.8.6/lib/ruby/gems/1.8/gems/activerecord-2.3.2/lib/active_record/connection_adapters/abstract/connection_pool.rb:98:in `connection'
    /usr/local/ruby1.8.6/lib/ruby/gems/1.8/gems/activerecord-2.3.2/lib/active_record/connection_adapters/abstract/connection_pool.rb:326:in `retrieve_connection'
    /usr/local/ruby1.8.6/lib/ruby/gems/1.8/gems/activerecord-2.3.2/lib/active_record/connection_adapters/abstract/connection_specification.rb:123:in `retrieve_connection'
    /usr/local/ruby1.8.6/lib/ruby/gems/1.8/gems/activerecord-2.3.2/lib/active_record/connection_adapters/abstract/connection_specification.rb:115:in `connection'
    /usr/local/ruby1.8.6/lib/ruby/gems/1.8/gems/activerecord-2.3.2/lib/active_record/query_cache.rb:9:in `cache'
    /usr/local/ruby1.8.6/lib/ruby/gems/1.8/gems/activerecord-2.3.2/lib/active_record/query_cache.rb:28:in `call'
    /usr/local/ruby1.8.6/lib/ruby/gems/1.8/gems/activerecord-2.3.2/lib/active_record/connection_adapters/abstract/connection_pool.rb:361:in `call'
    /usr/local/ruby1.8.6/lib/ruby/gems/1.8/gems/actionpack-2.3.2/lib/action_controller/vendor/rack-1.0/rack/head.rb:9:in `call'
    /usr/local/ruby1.8.6/lib/ruby/gems/1.8/gems/actionpack-2.3.2/lib/action_controller/vendor/rack-1.0/rack/methodoverride.rb:24:in `call'
    /usr/local/ruby1.8.6/lib/ruby/gems/1.8/gems/actionpack-2.3.2/lib/action_controller/params_parser.rb:15:in `call'
    /usr/local/ruby1.8.6/lib/ruby/gems/1.8/gems/actionpack-2.3.2/lib/action_controller/rewindable_input.rb:25:in `call'
    /usr/local/ruby1.8.6/lib/ruby/gems/1.8/gems/actionpack-2.3.2/lib/action_controller/session/cookie_store.rb:93:in `call'
    /usr/local/ruby1.8.6/lib/ruby/gems/1.8/gems/actionpack-2.3.2/lib/action_controller/reloader.rb:9:in `call'
    /usr/local/ruby1.8.6/lib/ruby/gems/1.8/gems/actionpack-2.3.2/lib/action_controller/failsafe.rb:11:in `call'
    /usr/local/ruby1.8.6/lib/ruby/gems/1.8/gems/actionpack-2.3.2/lib/action_controller/vendor/rack-1.0/rack/lock.rb:11:in `call'
    /usr/local/ruby1.8.6/lib/ruby/gems/1.8/gems/actionpack-2.3.2/lib/action_controller/vendor/rack-1.0/rack/lock.rb:11:in `synchronize'
    /usr/local/ruby1.8.6/lib/ruby/gems/1.8/gems/actionpack-2.3.2/lib/action_controller/vendor/rack-1.0/rack/lock.rb:11:in `call'
    /usr/local/ruby1.8.6/lib/ruby/gems/1.8/gems/actionpack-2.3.2/lib/action_controller/dispatcher.rb:106:in `call'
    /usr/local/ruby1.8.6/lib/ruby/gems/1.8/gems/rails-2.3.2/lib/rails/rack/static.rb:31:in `call'
    /usr/local/ruby1.8.6/lib/ruby/gems/1.8/gems/actionpack-2.3.2/lib/action_controller/vendor/rack-1.0/rack/urlmap.rb:46:in `call'
    /usr/local/ruby1.8.6/lib/ruby/gems/1.8/gems/actionpack-2.3.2/lib/action_controller/vendor/rack-1.0/rack/urlmap.rb:40:in `each'
    /usr/local/ruby1.8.6/lib/ruby/gems/1.8/gems/actionpack-2.3.2/lib/action_controller/vendor/rack-1.0/rack/urlmap.rb:40:in `call'
    /usr/local/ruby1.8.6/lib/ruby/gems/1.8/gems/rails-2.3.2/lib/rails/rack/log_tailer.rb:17:in `call'
    /usr/local/ruby1.8.6/lib/ruby/gems/1.8/gems/actionpack-2.3.2/lib/action_controller/vendor/rack-1.0/rack/content_length.rb:13:in `call'
    /usr/local/ruby1.8.6/lib/ruby/gems/1.8/gems/actionpack-2.3.2/lib/action_controller/vendor/rack-1.0/rack/handler/webrick.rb:46:in `service'
    /usr/local/ruby1.8.6/lib/ruby/1.8/webrick/httpserver.rb:104:in `service'
    /usr/local/ruby1.8.6/lib/ruby/1.8/webrick/httpserver.rb:65:in `run'
    /usr/local/ruby1.8.6/lib/ruby/1.8/webrick/server.rb:173:in `start_thread'
    /usr/local/ruby1.8.6/lib/ruby/1.8/webrick/server.rb:162:in `start'
    /usr/local/ruby1.8.6/lib/ruby/1.8/webrick/server.rb:162:in `start_thread'
    /usr/local/ruby1.8.6/lib/ruby/1.8/webrick/server.rb:95:in `start'
    /usr/local/ruby1.8.6/lib/ruby/1.8/webrick/server.rb:92:in `each'
    /usr/local/ruby1.8.6/lib/ruby/1.8/webrick/server.rb:92:in `start'
    /usr/local/ruby1.8.6/lib/ruby/1.8/webrick/server.rb:23:in `start'
    /usr/local/ruby1.8.6/lib/ruby/1.8/webrick/server.rb:82:in `start'
    /usr/local/ruby1.8.6/lib/ruby/gems/1.8/gems/actionpack-2.3.2/lib/action_controller/vendor/rack-1.0/rack/handler/webrick.rb:13:in `run'
    /usr/local/ruby1.8.6/lib/ruby/gems/1.8/gems/rails-2.3.2/lib/commands/server.rb:111
    /usr/local/ruby1.8.6/lib/ruby/site_ruby/1.8/rubygems/custom_require.rb:31:in `gem_original_require'
    /usr/local/ruby1.8.6/lib/ruby/site_ruby/1.8/rubygems/custom_require.rb:31:in `require'
    script/server:3
/!\ FAILSAFE /!\  Sun May 24 22:52:29 +0200 2009
  Status: 500 Internal Server Error
  Unknown database 'w_development'
    /usr/local/ruby1.8.6/lib/ruby/gems/1.8/gems/activerecord-2.3.2/lib/active_record/connection_adapters/mysql_adapter.rb:576:in `real_connect'
    /usr/local/ruby1.8.6/lib/ruby/gems/1.8/gems/activerecord-2.3.2/lib/active_record/connection_adapters/mysql_adapter.rb:576:in `connect'
    /usr/local/ruby1.8.6/lib/ruby/gems/1.8/gems/activerecord-2.3.2/lib/active_record/connection_adapters/mysql_adapter.rb:204:in `initialize'
    /usr/local/ruby1.8.6/lib/ruby/gems/1.8/gems/activerecord-2.3.2/lib/active_record/connection_adapters/mysql_adapter.rb:76:in `new'
    /usr/local/ruby1.8.6/lib/ruby/gems/1.8/gems/activerecord-2.3.2/lib/active_record/connection_adapters/mysql_adapter.rb:76:in `mysql_connection'
    /usr/local/ruby1.8.6/lib/ruby/gems/1.8/gems/activerecord-2.3.2/lib/active_record/connection_adapters/abstract/connection_pool.rb:223:in `send'
    /usr/local/ruby1.8.6/lib/ruby/gems/1.8/gems/activerecord-2.3.2/lib/active_record/connection_adapters/abstract/connection_pool.rb:223:in `new_connection'
    /usr/local/ruby1.8.6/lib/ruby/gems/1.8/gems/activerecord-2.3.2/lib/active_record/connection_adapters/abstract/connection_pool.rb:245:in `checkout_new_connection'
    /usr/local/ruby1.8.6/lib/ruby/gems/1.8/gems/activerecord-2.3.2/lib/active_record/connection_adapters/abstract/connection_pool.rb:188:in `checkout'
    /usr/local/ruby1.8.6/lib/ruby/gems/1.8/gems/activerecord-2.3.2/lib/active_record/connection_adapters/abstract/connection_pool.rb:184:in `loop'
    /usr/local/ruby1.8.6/lib/ruby/gems/1.8/gems/activerecord-2.3.2/lib/active_record/connection_adapters/abstract/connection_pool.rb:184:in `checkout'
    /usr/local/ruby1.8.6/lib/ruby/1.8/monitor.rb:242:in `synchronize'
    /usr/local/ruby1.8.6/lib/ruby/gems/1.8/gems/activerecord-2.3.2/lib/active_record/connection_adapters/abstract/connection_pool.rb:183:in `checkout'
    /usr/local/ruby1.8.6/lib/ruby/gems/1.8/gems/activerecord-2.3.2/lib/active_record/connection_adapters/abstract/connection_pool.rb:98:in `connection'
    /usr/local/ruby1.8.6/lib/ruby/gems/1.8/gems/activerecord-2.3.2/lib/active_record/connection_adapters/abstract/connection_pool.rb:326:in `retrieve_connection'
    /usr/local/ruby1.8.6/lib/ruby/gems/1.8/gems/activerecord-2.3.2/lib/active_record/connection_adapters/abstract/connection_specification.rb:123:in `retrieve_connection'
    /usr/local/ruby1.8.6/lib/ruby/gems/1.8/gems/activerecord-2.3.2/lib/active_record/connection_adapters/abstract/connection_specification.rb:115:in `connection'
    /usr/local/ruby1.8.6/lib/ruby/gems/1.8/gems/activerecord-2.3.2/lib/active_record/query_cache.rb:9:in `cache'
    /usr/local/ruby1.8.6/lib/ruby/gems/1.8/gems/activerecord-2.3.2/lib/active_record/query_cache.rb:28:in `call'
    /usr/local/ruby1.8.6/lib/ruby/gems/1.8/gems/activerecord-2.3.2/lib/active_record/connection_adapters/abstract/connection_pool.rb:361:in `call'
    /usr/local/ruby1.8.6/lib/ruby/gems/1.8/gems/actionpack-2.3.2/lib/action_controller/vendor/rack-1.0/rack/head.rb:9:in `call'
    /usr/local/ruby1.8.6/lib/ruby/gems/1.8/gems/actionpack-2.3.2/lib/action_controller/vendor/rack-1.0/rack/methodoverride.rb:24:in `call'
    /usr/local/ruby1.8.6/lib/ruby/gems/1.8/gems/actionpack-2.3.2/lib/action_controller/params_parser.rb:15:in `call'
    /usr/local/ruby1.8.6/lib/ruby/gems/1.8/gems/actionpack-2.3.2/lib/action_controller/rewindable_input.rb:25:in `call'
    /usr/local/ruby1.8.6/lib/ruby/gems/1.8/gems/actionpack-2.3.2/lib/action_controller/session/cookie_store.rb:93:in `call'
    /usr/local/ruby1.8.6/lib/ruby/gems/1.8/gems/actionpack-2.3.2/lib/action_controller/reloader.rb:9:in `call'
    /usr/local/ruby1.8.6/lib/ruby/gems/1.8/gems/actionpack-2.3.2/lib/action_controller/failsafe.rb:11:in `call'
    /usr/local/ruby1.8.6/lib/ruby/gems/1.8/gems/actionpack-2.3.2/lib/action_controller/vendor/rack-1.0/rack/lock.rb:11:in `call'
    /usr/local/ruby1.8.6/lib/ruby/gems/1.8/gems/actionpack-2.3.2/lib/action_controller/vendor/rack-1.0/rack/lock.rb:11:in `synchronize'
    /usr/local/ruby1.8.6/lib/ruby/gems/1.8/gems/actionpack-2.3.2/lib/action_controller/vendor/rack-1.0/rack/lock.rb:11:in `call'
    /usr/local/ruby1.8.6/lib/ruby/gems/1.8/gems/actionpack-2.3.2/lib/action_controller/dispatcher.rb:106:in `call'
    /usr/local/ruby1.8.6/lib/ruby/gems/1.8/gems/rails-2.3.2/lib/rails/rack/static.rb:31:in `call'
    /usr/local/ruby1.8.6/lib/ruby/gems/1.8/gems/actionpack-2.3.2/lib/action_controller/vendor/rack-1.0/rack/urlmap.rb:46:in `call'
    /usr/local/ruby1.8.6/lib/ruby/gems/1.8/gems/actionpack-2.3.2/lib/action_controller/vendor/rack-1.0/rack/urlmap.rb:40:in `each'
    /usr/local/ruby1.8.6/lib/ruby/gems/1.8/gems/actionpack-2.3.2/lib/action_controller/vendor/rack-1.0/rack/urlmap.rb:40:in `call'
    /usr/local/ruby1.8.6/lib/ruby/gems/1.8/gems/rails-2.3.2/lib/rails/rack/log_tailer.rb:17:in `call'
    /usr/local/ruby1.8.6/lib/ruby/gems/1.8/gems/actionpack-2.3.2/lib/action_controller/vendor/rack-1.0/rack/content_length.rb:13:in `call'
    /usr/local/ruby1.8.6/lib/ruby/gems/1.8/gems/actionpack-2.3.2/lib/action_controller/vendor/rack-1.0/rack/handler/webrick.rb:46:in `service'
    /usr/local/ruby1.8.6/lib/ruby/1.8/webrick/httpserver.rb:104:in `service'
    /usr/local/ruby1.8.6/lib/ruby/1.8/webrick/httpserver.rb:65:in `run'
    /usr/local/ruby1.8.6/lib/ruby/1.8/webrick/server.rb:173:in `start_thread'
    /usr/local/ruby1.8.6/lib/ruby/1.8/webrick/server.rb:162:in `start'
    /usr/local/ruby1.8.6/lib/ruby/1.8/webrick/server.rb:162:in `start_thread'
    /usr/local/ruby1.8.6/lib/ruby/1.8/webrick/server.rb:95:in `start'
    /usr/local/ruby1.8.6/lib/ruby/1.8/webrick/server.rb:92:in `each'
    /usr/local/ruby1.8.6/lib/ruby/1.8/webrick/server.rb:92:in `start'
    /usr/local/ruby1.8.6/lib/ruby/1.8/webrick/server.rb:23:in `start'
    /usr/local/ruby1.8.6/lib/ruby/1.8/webrick/server.rb:82:in `start'
    /usr/local/ruby1.8.6/lib/ruby/gems/1.8/gems/actionpack-2.3.2/lib/action_controller/vendor/rack-1.0/rack/handler/webrick.rb:13:in `run'
    /usr/local/ruby1.8.6/lib/ruby/gems/1.8/gems/rails-2.3.2/lib/commands/server.rb:111
    /usr/local/ruby1.8.6/lib/ruby/site_ruby/1.8/rubygems/custom_require.rb:31:in `gem_original_require'
    /usr/local/ruby1.8.6/lib/ruby/site_ruby/1.8/rubygems/custom_require.rb:31:in `require'
    script/server:3
/!\ FAILSAFE /!\  Sun May 24 22:52:30 +0200 2009
  Status: 500 Internal Server Error
  Unknown database 'w_development'
    /usr/local/ruby1.8.6/lib/ruby/gems/1.8/gems/activerecord-2.3.2/lib/active_record/connection_adapters/mysql_adapter.rb:576:in `real_connect'
    /usr/local/ruby1.8.6/lib/ruby/gems/1.8/gems/activerecord-2.3.2/lib/active_record/connection_adapters/mysql_adapter.rb:576:in `connect'
    /usr/local/ruby1.8.6/lib/ruby/gems/1.8/gems/activerecord-2.3.2/lib/active_record/connection_adapters/mysql_adapter.rb:204:in `initialize'
    /usr/local/ruby1.8.6/lib/ruby/gems/1.8/gems/activerecord-2.3.2/lib/active_record/connection_adapters/mysql_adapter.rb:76:in `new'
    /usr/local/ruby1.8.6/lib/ruby/gems/1.8/gems/activerecord-2.3.2/lib/active_record/connection_adapters/mysql_adapter.rb:76:in `mysql_connection'
    /usr/local/ruby1.8.6/lib/ruby/gems/1.8/gems/activerecord-2.3.2/lib/active_record/connection_adapters/abstract/connection_pool.rb:223:in `send'
    /usr/local/ruby1.8.6/lib/ruby/gems/1.8/gems/activerecord-2.3.2/lib/active_record/connection_adapters/abstract/connection_pool.rb:223:in `new_connection'
    /usr/local/ruby1.8.6/lib/ruby/gems/1.8/gems/activerecord-2.3.2/lib/active_record/connection_adapters/abstract/connection_pool.rb:245:in `checkout_new_connection'
    /usr/local/ruby1.8.6/lib/ruby/gems/1.8/gems/activerecord-2.3.2/lib/active_record/connection_adapters/abstract/connection_pool.rb:188:in `checkout'
    /usr/local/ruby1.8.6/lib/ruby/gems/1.8/gems/activerecord-2.3.2/lib/active_record/connection_adapters/abstract/connection_pool.rb:184:in `loop'
    /usr/local/ruby1.8.6/lib/ruby/gems/1.8/gems/activerecord-2.3.2/lib/active_record/connection_adapters/abstract/connection_pool.rb:184:in `checkout'
    /usr/local/ruby1.8.6/lib/ruby/1.8/monitor.rb:242:in `synchronize'
    /usr/local/ruby1.8.6/lib/ruby/gems/1.8/gems/activerecord-2.3.2/lib/active_record/connection_adapters/abstract/connection_pool.rb:183:in `checkout'
    /usr/local/ruby1.8.6/lib/ruby/gems/1.8/gems/activerecord-2.3.2/lib/active_record/connection_adapters/abstract/connection_pool.rb:98:in `connection'
    /usr/local/ruby1.8.6/lib/ruby/gems/1.8/gems/activerecord-2.3.2/lib/active_record/connection_adapters/abstract/connection_pool.rb:326:in `retrieve_connection'
    /usr/local/ruby1.8.6/lib/ruby/gems/1.8/gems/activerecord-2.3.2/lib/active_record/connection_adapters/abstract/connection_specification.rb:123:in `retrieve_connection'
    /usr/local/ruby1.8.6/lib/ruby/gems/1.8/gems/activerecord-2.3.2/lib/active_record/connection_adapters/abstract/connection_specification.rb:115:in `connection'
    /usr/local/ruby1.8.6/lib/ruby/gems/1.8/gems/activerecord-2.3.2/lib/active_record/query_cache.rb:9:in `cache'
    /usr/local/ruby1.8.6/lib/ruby/gems/1.8/gems/activerecord-2.3.2/lib/active_record/query_cache.rb:28:in `call'
    /usr/local/ruby1.8.6/lib/ruby/gems/1.8/gems/activerecord-2.3.2/lib/active_record/connection_adapters/abstract/connection_pool.rb:361:in `call'
    /usr/local/ruby1.8.6/lib/ruby/gems/1.8/gems/actionpack-2.3.2/lib/action_controller/vendor/rack-1.0/rack/head.rb:9:in `call'
    /usr/local/ruby1.8.6/lib/ruby/gems/1.8/gems/actionpack-2.3.2/lib/action_controller/vendor/rack-1.0/rack/methodoverride.rb:24:in `call'
    /usr/local/ruby1.8.6/lib/ruby/gems/1.8/gems/actionpack-2.3.2/lib/action_controller/params_parser.rb:15:in `call'
    /usr/local/ruby1.8.6/lib/ruby/gems/1.8/gems/actionpack-2.3.2/lib/action_controller/rewindable_input.rb:25:in `call'
    /usr/local/ruby1.8.6/lib/ruby/gems/1.8/gems/actionpack-2.3.2/lib/action_controller/session/cookie_store.rb:93:in `call'
    /usr/local/ruby1.8.6/lib/ruby/gems/1.8/gems/actionpack-2.3.2/lib/action_controller/reloader.rb:9:in `call'
    /usr/local/ruby1.8.6/lib/ruby/gems/1.8/gems/actionpack-2.3.2/lib/action_controller/failsafe.rb:11:in `call'
    /usr/local/ruby1.8.6/lib/ruby/gems/1.8/gems/actionpack-2.3.2/lib/action_controller/vendor/rack-1.0/rack/lock.rb:11:in `call'
    /usr/local/ruby1.8.6/lib/ruby/gems/1.8/gems/actionpack-2.3.2/lib/action_controller/vendor/rack-1.0/rack/lock.rb:11:in `synchronize'
    /usr/local/ruby1.8.6/lib/ruby/gems/1.8/gems/actionpack-2.3.2/lib/action_controller/vendor/rack-1.0/rack/lock.rb:11:in `call'
    /usr/local/ruby1.8.6/lib/ruby/gems/1.8/gems/actionpack-2.3.2/lib/action_controller/dispatcher.rb:106:in `call'
    /usr/local/ruby1.8.6/lib/ruby/gems/1.8/gems/rails-2.3.2/lib/rails/rack/static.rb:31:in `call'
    /usr/local/ruby1.8.6/lib/ruby/gems/1.8/gems/actionpack-2.3.2/lib/action_controller/vendor/rack-1.0/rack/urlmap.rb:46:in `call'
    /usr/local/ruby1.8.6/lib/ruby/gems/1.8/gems/actionpack-2.3.2/lib/action_controller/vendor/rack-1.0/rack/urlmap.rb:40:in `each'
    /usr/local/ruby1.8.6/lib/ruby/gems/1.8/gems/actionpack-2.3.2/lib/action_controller/vendor/rack-1.0/rack/urlmap.rb:40:in `call'
    /usr/local/ruby1.8.6/lib/ruby/gems/1.8/gems/rails-2.3.2/lib/rails/rack/log_tailer.rb:17:in `call'
    /usr/local/ruby1.8.6/lib/ruby/gems/1.8/gems/actionpack-2.3.2/lib/action_controller/vendor/rack-1.0/rack/content_length.rb:13:in `call'
    /usr/local/ruby1.8.6/lib/ruby/gems/1.8/gems/actionpack-2.3.2/lib/action_controller/vendor/rack-1.0/rack/handler/webrick.rb:46:in `service'
    /usr/local/ruby1.8.6/lib/ruby/1.8/webrick/httpserver.rb:104:in `service'
    /usr/local/ruby1.8.6/lib/ruby/1.8/webrick/httpserver.rb:65:in `run'
    /usr/local/ruby1.8.6/lib/ruby/1.8/webrick/server.rb:173:in `start_thread'
    /usr/local/ruby1.8.6/lib/ruby/1.8/webrick/server.rb:162:in `start'
    /usr/local/ruby1.8.6/lib/ruby/1.8/webrick/server.rb:162:in `start_thread'
    /usr/local/ruby1.8.6/lib/ruby/1.8/webrick/server.rb:95:in `start'
    /usr/local/ruby1.8.6/lib/ruby/1.8/webrick/server.rb:92:in `each'
    /usr/local/ruby1.8.6/lib/ruby/1.8/webrick/server.rb:92:in `start'
    /usr/local/ruby1.8.6/lib/ruby/1.8/webrick/server.rb:23:in `start'
    /usr/local/ruby1.8.6/lib/ruby/1.8/webrick/server.rb:82:in `start'
    /usr/local/ruby1.8.6/lib/ruby/gems/1.8/gems/actionpack-2.3.2/lib/action_controller/vendor/rack-1.0/rack/handler/webrick.rb:13:in `run'
    /usr/local/ruby1.8.6/lib/ruby/gems/1.8/gems/rails-2.3.2/lib/commands/server.rb:111
    /usr/local/ruby1.8.6/lib/ruby/site_ruby/1.8/rubygems/custom_require.rb:31:in `gem_original_require'
    /usr/local/ruby1.8.6/lib/ruby/site_ruby/1.8/rubygems/custom_require.rb:31:in `require'
    script/server:3
/!\ FAILSAFE /!\  Sun May 24 22:52:30 +0200 2009
  Status: 500 Internal Server Error
  Unknown database 'w_development'
    /usr/local/ruby1.8.6/lib/ruby/gems/1.8/gems/activerecord-2.3.2/lib/active_record/connection_adapters/mysql_adapter.rb:576:in `real_connect'
    /usr/local/ruby1.8.6/lib/ruby/gems/1.8/gems/activerecord-2.3.2/lib/active_record/connection_adapters/mysql_adapter.rb:576:in `connect'
    /usr/local/ruby1.8.6/lib/ruby/gems/1.8/gems/activerecord-2.3.2/lib/active_record/connection_adapters/mysql_adapter.rb:204:in `initialize'
    /usr/local/ruby1.8.6/lib/ruby/gems/1.8/gems/activerecord-2.3.2/lib/active_record/connection_adapters/mysql_adapter.rb:76:in `new'
    /usr/local/ruby1.8.6/lib/ruby/gems/1.8/gems/activerecord-2.3.2/lib/active_record/connection_adapters/mysql_adapter.rb:76:in `mysql_connection'
    /usr/local/ruby1.8.6/lib/ruby/gems/1.8/gems/activerecord-2.3.2/lib/active_record/connection_adapters/abstract/connection_pool.rb:223:in `send'
    /usr/local/ruby1.8.6/lib/ruby/gems/1.8/gems/activerecord-2.3.2/lib/active_record/connection_adapters/abstract/connection_pool.rb:223:in `new_connection'
    /usr/local/ruby1.8.6/lib/ruby/gems/1.8/gems/activerecord-2.3.2/lib/active_record/connection_adapters/abstract/connection_pool.rb:245:in `checkout_new_connection'
    /usr/local/ruby1.8.6/lib/ruby/gems/1.8/gems/activerecord-2.3.2/lib/active_record/connection_adapters/abstract/connection_pool.rb:188:in `checkout'
    /usr/local/ruby1.8.6/lib/ruby/gems/1.8/gems/activerecord-2.3.2/lib/active_record/connection_adapters/abstract/connection_pool.rb:184:in `loop'
    /usr/local/ruby1.8.6/lib/ruby/gems/1.8/gems/activerecord-2.3.2/lib/active_record/connection_adapters/abstract/connection_pool.rb:184:in `checkout'
    /usr/local/ruby1.8.6/lib/ruby/1.8/monitor.rb:242:in `synchronize'
    /usr/local/ruby1.8.6/lib/ruby/gems/1.8/gems/activerecord-2.3.2/lib/active_record/connection_adapters/abstract/connection_pool.rb:183:in `checkout'
    /usr/local/ruby1.8.6/lib/ruby/gems/1.8/gems/activerecord-2.3.2/lib/active_record/connection_adapters/abstract/connection_pool.rb:98:in `connection'
    /usr/local/ruby1.8.6/lib/ruby/gems/1.8/gems/activerecord-2.3.2/lib/active_record/connection_adapters/abstract/connection_pool.rb:326:in `retrieve_connection'
    /usr/local/ruby1.8.6/lib/ruby/gems/1.8/gems/activerecord-2.3.2/lib/active_record/connection_adapters/abstract/connection_specification.rb:123:in `retrieve_connection'
    /usr/local/ruby1.8.6/lib/ruby/gems/1.8/gems/activerecord-2.3.2/lib/active_record/connection_adapters/abstract/connection_specification.rb:115:in `connection'
    /usr/local/ruby1.8.6/lib/ruby/gems/1.8/gems/activerecord-2.3.2/lib/active_record/query_cache.rb:9:in `cache'
    /usr/local/ruby1.8.6/lib/ruby/gems/1.8/gems/activerecord-2.3.2/lib/active_record/query_cache.rb:28:in `call'
    /usr/local/ruby1.8.6/lib/ruby/gems/1.8/gems/activerecord-2.3.2/lib/active_record/connection_adapters/abstract/connection_pool.rb:361:in `call'
    /usr/local/ruby1.8.6/lib/ruby/gems/1.8/gems/actionpack-2.3.2/lib/action_controller/vendor/rack-1.0/rack/head.rb:9:in `call'
    /usr/local/ruby1.8.6/lib/ruby/gems/1.8/gems/actionpack-2.3.2/lib/action_controller/vendor/rack-1.0/rack/methodoverride.rb:24:in `call'
    /usr/local/ruby1.8.6/lib/ruby/gems/1.8/gems/actionpack-2.3.2/lib/action_controller/params_parser.rb:15:in `call'
    /usr/local/ruby1.8.6/lib/ruby/gems/1.8/gems/actionpack-2.3.2/lib/action_controller/rewindable_input.rb:25:in `call'
    /usr/local/ruby1.8.6/lib/ruby/gems/1.8/gems/actionpack-2.3.2/lib/action_controller/session/cookie_store.rb:93:in `call'
    /usr/local/ruby1.8.6/lib/ruby/gems/1.8/gems/actionpack-2.3.2/lib/action_controller/reloader.rb:9:in `call'
    /usr/local/ruby1.8.6/lib/ruby/gems/1.8/gems/actionpack-2.3.2/lib/action_controller/failsafe.rb:11:in `call'
    /usr/local/ruby1.8.6/lib/ruby/gems/1.8/gems/actionpack-2.3.2/lib/action_controller/vendor/rack-1.0/rack/lock.rb:11:in `call'
    /usr/local/ruby1.8.6/lib/ruby/gems/1.8/gems/actionpack-2.3.2/lib/action_controller/vendor/rack-1.0/rack/lock.rb:11:in `synchronize'
    /usr/local/ruby1.8.6/lib/ruby/gems/1.8/gems/actionpack-2.3.2/lib/action_controller/vendor/rack-1.0/rack/lock.rb:11:in `call'
    /usr/local/ruby1.8.6/lib/ruby/gems/1.8/gems/actionpack-2.3.2/lib/action_controller/dispatcher.rb:106:in `call'
    /usr/local/ruby1.8.6/lib/ruby/gems/1.8/gems/rails-2.3.2/lib/rails/rack/static.rb:31:in `call'
    /usr/local/ruby1.8.6/lib/ruby/gems/1.8/gems/actionpack-2.3.2/lib/action_controller/vendor/rack-1.0/rack/urlmap.rb:46:in `call'
    /usr/local/ruby1.8.6/lib/ruby/gems/1.8/gems/actionpack-2.3.2/lib/action_controller/vendor/rack-1.0/rack/urlmap.rb:40:in `each'
    /usr/local/ruby1.8.6/lib/ruby/gems/1.8/gems/actionpack-2.3.2/lib/action_controller/vendor/rack-1.0/rack/urlmap.rb:40:in `call'
    /usr/local/ruby1.8.6/lib/ruby/gems/1.8/gems/rails-2.3.2/lib/rails/rack/log_tailer.rb:17:in `call'
    /usr/local/ruby1.8.6/lib/ruby/gems/1.8/gems/actionpack-2.3.2/lib/action_controller/vendor/rack-1.0/rack/content_length.rb:13:in `call'
    /usr/local/ruby1.8.6/lib/ruby/gems/1.8/gems/actionpack-2.3.2/lib/action_controller/vendor/rack-1.0/rack/handler/webrick.rb:46:in `service'
    /usr/local/ruby1.8.6/lib/ruby/1.8/webrick/httpserver.rb:104:in `service'
    /usr/local/ruby1.8.6/lib/ruby/1.8/webrick/httpserver.rb:65:in `run'
    /usr/local/ruby1.8.6/lib/ruby/1.8/webrick/server.rb:173:in `start_thread'
    /usr/local/ruby1.8.6/lib/ruby/1.8/webrick/server.rb:162:in `start'
    /usr/local/ruby1.8.6/lib/ruby/1.8/webrick/server.rb:162:in `start_thread'
    /usr/local/ruby1.8.6/lib/ruby/1.8/webrick/server.rb:95:in `start'
    /usr/local/ruby1.8.6/lib/ruby/1.8/webrick/server.rb:92:in `each'
    /usr/local/ruby1.8.6/lib/ruby/1.8/webrick/server.rb:92:in `start'
    /usr/local/ruby1.8.6/lib/ruby/1.8/webrick/server.rb:23:in `start'
    /usr/local/ruby1.8.6/lib/ruby/1.8/webrick/server.rb:82:in `start'
    /usr/local/ruby1.8.6/lib/ruby/gems/1.8/gems/actionpack-2.3.2/lib/action_controller/vendor/rack-1.0/rack/handler/webrick.rb:13:in `run'
    /usr/local/ruby1.8.6/lib/ruby/gems/1.8/gems/rails-2.3.2/lib/commands/server.rb:111
    /usr/local/ruby1.8.6/lib/ruby/site_ruby/1.8/rubygems/custom_require.rb:31:in `gem_original_require'
    /usr/local/ruby1.8.6/lib/ruby/site_ruby/1.8/rubygems/custom_require.rb:31:in `require'
    script/server:3
/!\ FAILSAFE /!\  Sun May 24 22:52:31 +0200 2009
  Status: 500 Internal Server Error
  Unknown database 'w_development'
    /usr/local/ruby1.8.6/lib/ruby/gems/1.8/gems/activerecord-2.3.2/lib/active_record/connection_adapters/mysql_adapter.rb:576:in `real_connect'
    /usr/local/ruby1.8.6/lib/ruby/gems/1.8/gems/activerecord-2.3.2/lib/active_record/connection_adapters/mysql_adapter.rb:576:in `connect'
    /usr/local/ruby1.8.6/lib/ruby/gems/1.8/gems/activerecord-2.3.2/lib/active_record/connection_adapters/mysql_adapter.rb:204:in `initialize'
    /usr/local/ruby1.8.6/lib/ruby/gems/1.8/gems/activerecord-2.3.2/lib/active_record/connection_adapters/mysql_adapter.rb:76:in `new'
    /usr/local/ruby1.8.6/lib/ruby/gems/1.8/gems/activerecord-2.3.2/lib/active_record/connection_adapters/mysql_adapter.rb:76:in `mysql_connection'
    /usr/local/ruby1.8.6/lib/ruby/gems/1.8/gems/activerecord-2.3.2/lib/active_record/connection_adapters/abstract/connection_pool.rb:223:in `send'
    /usr/local/ruby1.8.6/lib/ruby/gems/1.8/gems/activerecord-2.3.2/lib/active_record/connection_adapters/abstract/connection_pool.rb:223:in `new_connection'
    /usr/local/ruby1.8.6/lib/ruby/gems/1.8/gems/activerecord-2.3.2/lib/active_record/connection_adapters/abstract/connection_pool.rb:245:in `checkout_new_connection'
    /usr/local/ruby1.8.6/lib/ruby/gems/1.8/gems/activerecord-2.3.2/lib/active_record/connection_adapters/abstract/connection_pool.rb:188:in `checkout'
    /usr/local/ruby1.8.6/lib/ruby/gems/1.8/gems/activerecord-2.3.2/lib/active_record/connection_adapters/abstract/connection_pool.rb:184:in `loop'
    /usr/local/ruby1.8.6/lib/ruby/gems/1.8/gems/activerecord-2.3.2/lib/active_record/connection_adapters/abstract/connection_pool.rb:184:in `checkout'
    /usr/local/ruby1.8.6/lib/ruby/1.8/monitor.rb:242:in `synchronize'
    /usr/local/ruby1.8.6/lib/ruby/gems/1.8/gems/activerecord-2.3.2/lib/active_record/connection_adapters/abstract/connection_pool.rb:183:in `checkout'
    /usr/local/ruby1.8.6/lib/ruby/gems/1.8/gems/activerecord-2.3.2/lib/active_record/connection_adapters/abstract/connection_pool.rb:98:in `connection'
    /usr/local/ruby1.8.6/lib/ruby/gems/1.8/gems/activerecord-2.3.2/lib/active_record/connection_adapters/abstract/connection_pool.rb:326:in `retrieve_connection'
    /usr/local/ruby1.8.6/lib/ruby/gems/1.8/gems/activerecord-2.3.2/lib/active_record/connection_adapters/abstract/connection_specification.rb:123:in `retrieve_connection'
    /usr/local/ruby1.8.6/lib/ruby/gems/1.8/gems/activerecord-2.3.2/lib/active_record/connection_adapters/abstract/connection_specification.rb:115:in `connection'
    /usr/local/ruby1.8.6/lib/ruby/gems/1.8/gems/activerecord-2.3.2/lib/active_record/query_cache.rb:9:in `cache'
    /usr/local/ruby1.8.6/lib/ruby/gems/1.8/gems/activerecord-2.3.2/lib/active_record/query_cache.rb:28:in `call'
    /usr/local/ruby1.8.6/lib/ruby/gems/1.8/gems/activerecord-2.3.2/lib/active_record/connection_adapters/abstract/connection_pool.rb:361:in `call'
    /usr/local/ruby1.8.6/lib/ruby/gems/1.8/gems/actionpack-2.3.2/lib/action_controller/vendor/rack-1.0/rack/head.rb:9:in `call'
    /usr/local/ruby1.8.6/lib/ruby/gems/1.8/gems/actionpack-2.3.2/lib/action_controller/vendor/rack-1.0/rack/methodoverride.rb:24:in `call'
    /usr/local/ruby1.8.6/lib/ruby/gems/1.8/gems/actionpack-2.3.2/lib/action_controller/params_parser.rb:15:in `call'
    /usr/local/ruby1.8.6/lib/ruby/gems/1.8/gems/actionpack-2.3.2/lib/action_controller/rewindable_input.rb:25:in `call'
    /usr/local/ruby1.8.6/lib/ruby/gems/1.8/gems/actionpack-2.3.2/lib/action_controller/session/cookie_store.rb:93:in `call'
    /usr/local/ruby1.8.6/lib/ruby/gems/1.8/gems/actionpack-2.3.2/lib/action_controller/reloader.rb:9:in `call'
    /usr/local/ruby1.8.6/lib/ruby/gems/1.8/gems/actionpack-2.3.2/lib/action_controller/failsafe.rb:11:in `call'
    /usr/local/ruby1.8.6/lib/ruby/gems/1.8/gems/actionpack-2.3.2/lib/action_controller/vendor/rack-1.0/rack/lock.rb:11:in `call'
    /usr/local/ruby1.8.6/lib/ruby/gems/1.8/gems/actionpack-2.3.2/lib/action_controller/vendor/rack-1.0/rack/lock.rb:11:in `synchronize'
    /usr/local/ruby1.8.6/lib/ruby/gems/1.8/gems/actionpack-2.3.2/lib/action_controller/vendor/rack-1.0/rack/lock.rb:11:in `call'
    /usr/local/ruby1.8.6/lib/ruby/gems/1.8/gems/actionpack-2.3.2/lib/action_controller/dispatcher.rb:106:in `call'
    /usr/local/ruby1.8.6/lib/ruby/gems/1.8/gems/rails-2.3.2/lib/rails/rack/static.rb:31:in `call'
    /usr/local/ruby1.8.6/lib/ruby/gems/1.8/gems/actionpack-2.3.2/lib/action_controller/vendor/rack-1.0/rack/urlmap.rb:46:in `call'
    /usr/local/ruby1.8.6/lib/ruby/gems/1.8/gems/actionpack-2.3.2/lib/action_controller/vendor/rack-1.0/rack/urlmap.rb:40:in `each'
    /usr/local/ruby1.8.6/lib/ruby/gems/1.8/gems/actionpack-2.3.2/lib/action_controller/vendor/rack-1.0/rack/urlmap.rb:40:in `call'
    /usr/local/ruby1.8.6/lib/ruby/gems/1.8/gems/rails-2.3.2/lib/rails/rack/log_tailer.rb:17:in `call'
    /usr/local/ruby1.8.6/lib/ruby/gems/1.8/gems/actionpack-2.3.2/lib/action_controller/vendor/rack-1.0/rack/content_length.rb:13:in `call'
    /usr/local/ruby1.8.6/lib/ruby/gems/1.8/gems/actionpack-2.3.2/lib/action_controller/vendor/rack-1.0/rack/handler/webrick.rb:46:in `service'
    /usr/local/ruby1.8.6/lib/ruby/1.8/webrick/httpserver.rb:104:in `service'
    /usr/local/ruby1.8.6/lib/ruby/1.8/webrick/httpserver.rb:65:in `run'
    /usr/local/ruby1.8.6/lib/ruby/1.8/webrick/server.rb:173:in `start_thread'
    /usr/local/ruby1.8.6/lib/ruby/1.8/webrick/server.rb:162:in `start'
    /usr/local/ruby1.8.6/lib/ruby/1.8/webrick/server.rb:162:in `start_thread'
    /usr/local/ruby1.8.6/lib/ruby/1.8/webrick/server.rb:95:in `start'
    /usr/local/ruby1.8.6/lib/ruby/1.8/webrick/server.rb:92:in `each'
    /usr/local/ruby1.8.6/lib/ruby/1.8/webrick/server.rb:92:in `start'
    /usr/local/ruby1.8.6/lib/ruby/1.8/webrick/server.rb:23:in `start'
    /usr/local/ruby1.8.6/lib/ruby/1.8/webrick/server.rb:82:in `start'
    /usr/local/ruby1.8.6/lib/ruby/gems/1.8/gems/actionpack-2.3.2/lib/action_controller/vendor/rack-1.0/rack/handler/webrick.rb:13:in `run'
    /usr/local/ruby1.8.6/lib/ruby/gems/1.8/gems/rails-2.3.2/lib/commands/server.rb:111
    /usr/local/ruby1.8.6/lib/ruby/site_ruby/1.8/rubygems/custom_require.rb:31:in `gem_original_require'
    /usr/local/ruby1.8.6/lib/ruby/site_ruby/1.8/rubygems/custom_require.rb:31:in `require'
    script/server:3
/!\ FAILSAFE /!\  Sun May 24 22:52:49 +0200 2009
  Status: 500 Internal Server Error
  Unknown database 'w_development'
    /usr/local/ruby1.8.6/lib/ruby/gems/1.8/gems/activerecord-2.3.2/lib/active_record/connection_adapters/mysql_adapter.rb:576:in `real_connect'
    /usr/local/ruby1.8.6/lib/ruby/gems/1.8/gems/activerecord-2.3.2/lib/active_record/connection_adapters/mysql_adapter.rb:576:in `connect'
    /usr/local/ruby1.8.6/lib/ruby/gems/1.8/gems/activerecord-2.3.2/lib/active_record/connection_adapters/mysql_adapter.rb:204:in `initialize'
    /usr/local/ruby1.8.6/lib/ruby/gems/1.8/gems/activerecord-2.3.2/lib/active_record/connection_adapters/mysql_adapter.rb:76:in `new'
    /usr/local/ruby1.8.6/lib/ruby/gems/1.8/gems/activerecord-2.3.2/lib/active_record/connection_adapters/mysql_adapter.rb:76:in `mysql_connection'
    /usr/local/ruby1.8.6/lib/ruby/gems/1.8/gems/activerecord-2.3.2/lib/active_record/connection_adapters/abstract/connection_pool.rb:223:in `send'
    /usr/local/ruby1.8.6/lib/ruby/gems/1.8/gems/activerecord-2.3.2/lib/active_record/connection_adapters/abstract/connection_pool.rb:223:in `new_connection'
    /usr/local/ruby1.8.6/lib/ruby/gems/1.8/gems/activerecord-2.3.2/lib/active_record/connection_adapters/abstract/connection_pool.rb:245:in `checkout_new_connection'
    /usr/local/ruby1.8.6/lib/ruby/gems/1.8/gems/activerecord-2.3.2/lib/active_record/connection_adapters/abstract/connection_pool.rb:188:in `checkout'
    /usr/local/ruby1.8.6/lib/ruby/gems/1.8/gems/activerecord-2.3.2/lib/active_record/connection_adapters/abstract/connection_pool.rb:184:in `loop'
    /usr/local/ruby1.8.6/lib/ruby/gems/1.8/gems/activerecord-2.3.2/lib/active_record/connection_adapters/abstract/connection_pool.rb:184:in `checkout'
    /usr/local/ruby1.8.6/lib/ruby/1.8/monitor.rb:242:in `synchronize'
    /usr/local/ruby1.8.6/lib/ruby/gems/1.8/gems/activerecord-2.3.2/lib/active_record/connection_adapters/abstract/connection_pool.rb:183:in `checkout'
    /usr/local/ruby1.8.6/lib/ruby/gems/1.8/gems/activerecord-2.3.2/lib/active_record/connection_adapters/abstract/connection_pool.rb:98:in `connection'
    /usr/local/ruby1.8.6/lib/ruby/gems/1.8/gems/activerecord-2.3.2/lib/active_record/connection_adapters/abstract/connection_pool.rb:326:in `retrieve_connection'
    /usr/local/ruby1.8.6/lib/ruby/gems/1.8/gems/activerecord-2.3.2/lib/active_record/connection_adapters/abstract/connection_specification.rb:123:in `retrieve_connection'
    /usr/local/ruby1.8.6/lib/ruby/gems/1.8/gems/activerecord-2.3.2/lib/active_record/connection_adapters/abstract/connection_specification.rb:115:in `connection'
    /usr/local/ruby1.8.6/lib/ruby/gems/1.8/gems/activerecord-2.3.2/lib/active_record/query_cache.rb:9:in `cache'
    /usr/local/ruby1.8.6/lib/ruby/gems/1.8/gems/activerecord-2.3.2/lib/active_record/query_cache.rb:28:in `call'
    /usr/local/ruby1.8.6/lib/ruby/gems/1.8/gems/activerecord-2.3.2/lib/active_record/connection_adapters/abstract/connection_pool.rb:361:in `call'
    /usr/local/ruby1.8.6/lib/ruby/gems/1.8/gems/actionpack-2.3.2/lib/action_controller/vendor/rack-1.0/rack/head.rb:9:in `call'
    /usr/local/ruby1.8.6/lib/ruby/gems/1.8/gems/actionpack-2.3.2/lib/action_controller/vendor/rack-1.0/rack/methodoverride.rb:24:in `call'
    /usr/local/ruby1.8.6/lib/ruby/gems/1.8/gems/actionpack-2.3.2/lib/action_controller/params_parser.rb:15:in `call'
    /usr/local/ruby1.8.6/lib/ruby/gems/1.8/gems/actionpack-2.3.2/lib/action_controller/rewindable_input.rb:25:in `call'
    /usr/local/ruby1.8.6/lib/ruby/gems/1.8/gems/actionpack-2.3.2/lib/action_controller/session/cookie_store.rb:93:in `call'
    /usr/local/ruby1.8.6/lib/ruby/gems/1.8/gems/actionpack-2.3.2/lib/action_controller/reloader.rb:9:in `call'
    /usr/local/ruby1.8.6/lib/ruby/gems/1.8/gems/actionpack-2.3.2/lib/action_controller/failsafe.rb:11:in `call'
    /usr/local/ruby1.8.6/lib/ruby/gems/1.8/gems/actionpack-2.3.2/lib/action_controller/vendor/rack-1.0/rack/lock.rb:11:in `call'
    /usr/local/ruby1.8.6/lib/ruby/gems/1.8/gems/actionpack-2.3.2/lib/action_controller/vendor/rack-1.0/rack/lock.rb:11:in `synchronize'
    /usr/local/ruby1.8.6/lib/ruby/gems/1.8/gems/actionpack-2.3.2/lib/action_controller/vendor/rack-1.0/rack/lock.rb:11:in `call'
    /usr/local/ruby1.8.6/lib/ruby/gems/1.8/gems/actionpack-2.3.2/lib/action_controller/dispatcher.rb:106:in `call'
    /usr/local/ruby1.8.6/lib/ruby/gems/1.8/gems/rails-2.3.2/lib/rails/rack/static.rb:31:in `call'
    /usr/local/ruby1.8.6/lib/ruby/gems/1.8/gems/actionpack-2.3.2/lib/action_controller/vendor/rack-1.0/rack/urlmap.rb:46:in `call'
    /usr/local/ruby1.8.6/lib/ruby/gems/1.8/gems/actionpack-2.3.2/lib/action_controller/vendor/rack-1.0/rack/urlmap.rb:40:in `each'
    /usr/local/ruby1.8.6/lib/ruby/gems/1.8/gems/actionpack-2.3.2/lib/action_controller/vendor/rack-1.0/rack/urlmap.rb:40:in `call'
    /usr/local/ruby1.8.6/lib/ruby/gems/1.8/gems/rails-2.3.2/lib/rails/rack/log_tailer.rb:17:in `call'
    /usr/local/ruby1.8.6/lib/ruby/gems/1.8/gems/actionpack-2.3.2/lib/action_controller/vendor/rack-1.0/rack/content_length.rb:13:in `call'
    /usr/local/ruby1.8.6/lib/ruby/gems/1.8/gems/actionpack-2.3.2/lib/action_controller/vendor/rack-1.0/rack/handler/webrick.rb:46:in `service'
    /usr/local/ruby1.8.6/lib/ruby/1.8/webrick/httpserver.rb:104:in `service'
    /usr/local/ruby1.8.6/lib/ruby/1.8/webrick/httpserver.rb:65:in `run'
    /usr/local/ruby1.8.6/lib/ruby/1.8/webrick/server.rb:173:in `start_thread'
    /usr/local/ruby1.8.6/lib/ruby/1.8/webrick/server.rb:162:in `start'
    /usr/local/ruby1.8.6/lib/ruby/1.8/webrick/server.rb:162:in `start_thread'
    /usr/local/ruby1.8.6/lib/ruby/1.8/webrick/server.rb:95:in `start'
    /usr/local/ruby1.8.6/lib/ruby/1.8/webrick/server.rb:92:in `each'
    /usr/local/ruby1.8.6/lib/ruby/1.8/webrick/server.rb:92:in `start'
    /usr/local/ruby1.8.6/lib/ruby/1.8/webrick/server.rb:23:in `start'
    /usr/local/ruby1.8.6/lib/ruby/1.8/webrick/server.rb:82:in `start'
    /usr/local/ruby1.8.6/lib/ruby/gems/1.8/gems/actionpack-2.3.2/lib/action_controller/vendor/rack-1.0/rack/handler/webrick.rb:13:in `run'
    /usr/local/ruby1.8.6/lib/ruby/gems/1.8/gems/rails-2.3.2/lib/commands/server.rb:111
    /usr/local/ruby1.8.6/lib/ruby/site_ruby/1.8/rubygems/custom_require.rb:31:in `gem_original_require'
    /usr/local/ruby1.8.6/lib/ruby/site_ruby/1.8/rubygems/custom_require.rb:31:in `require'
    script/server:3
/!\ FAILSAFE /!\  Sun May 24 22:52:49 +0200 2009
  Status: 500 Internal Server Error
  Unknown database 'w_development'
    /usr/local/ruby1.8.6/lib/ruby/gems/1.8/gems/activerecord-2.3.2/lib/active_record/connection_adapters/mysql_adapter.rb:576:in `real_connect'
    /usr/local/ruby1.8.6/lib/ruby/gems/1.8/gems/activerecord-2.3.2/lib/active_record/connection_adapters/mysql_adapter.rb:576:in `connect'
    /usr/local/ruby1.8.6/lib/ruby/gems/1.8/gems/activerecord-2.3.2/lib/active_record/connection_adapters/mysql_adapter.rb:204:in `initialize'
    /usr/local/ruby1.8.6/lib/ruby/gems/1.8/gems/activerecord-2.3.2/lib/active_record/connection_adapters/mysql_adapter.rb:76:in `new'
    /usr/local/ruby1.8.6/lib/ruby/gems/1.8/gems/activerecord-2.3.2/lib/active_record/connection_adapters/mysql_adapter.rb:76:in `mysql_connection'
    /usr/local/ruby1.8.6/lib/ruby/gems/1.8/gems/activerecord-2.3.2/lib/active_record/connection_adapters/abstract/connection_pool.rb:223:in `send'
    /usr/local/ruby1.8.6/lib/ruby/gems/1.8/gems/activerecord-2.3.2/lib/active_record/connection_adapters/abstract/connection_pool.rb:223:in `new_connection'
    /usr/local/ruby1.8.6/lib/ruby/gems/1.8/gems/activerecord-2.3.2/lib/active_record/connection_adapters/abstract/connection_pool.rb:245:in `checkout_new_connection'
    /usr/local/ruby1.8.6/lib/ruby/gems/1.8/gems/activerecord-2.3.2/lib/active_record/connection_adapters/abstract/connection_pool.rb:188:in `checkout'
    /usr/local/ruby1.8.6/lib/ruby/gems/1.8/gems/activerecord-2.3.2/lib/active_record/connection_adapters/abstract/connection_pool.rb:184:in `loop'
    /usr/local/ruby1.8.6/lib/ruby/gems/1.8/gems/activerecord-2.3.2/lib/active_record/connection_adapters/abstract/connection_pool.rb:184:in `checkout'
    /usr/local/ruby1.8.6/lib/ruby/1.8/monitor.rb:242:in `synchronize'
    /usr/local/ruby1.8.6/lib/ruby/gems/1.8/gems/activerecord-2.3.2/lib/active_record/connection_adapters/abstract/connection_pool.rb:183:in `checkout'
    /usr/local/ruby1.8.6/lib/ruby/gems/1.8/gems/activerecord-2.3.2/lib/active_record/connection_adapters/abstract/connection_pool.rb:98:in `connection'
    /usr/local/ruby1.8.6/lib/ruby/gems/1.8/gems/activerecord-2.3.2/lib/active_record/connection_adapters/abstract/connection_pool.rb:326:in `retrieve_connection'
    /usr/local/ruby1.8.6/lib/ruby/gems/1.8/gems/activerecord-2.3.2/lib/active_record/connection_adapters/abstract/connection_specification.rb:123:in `retrieve_connection'
    /usr/local/ruby1.8.6/lib/ruby/gems/1.8/gems/activerecord-2.3.2/lib/active_record/connection_adapters/abstract/connection_specification.rb:115:in `connection'
    /usr/local/ruby1.8.6/lib/ruby/gems/1.8/gems/activerecord-2.3.2/lib/active_record/query_cache.rb:9:in `cache'
    /usr/local/ruby1.8.6/lib/ruby/gems/1.8/gems/activerecord-2.3.2/lib/active_record/query_cache.rb:28:in `call'
    /usr/local/ruby1.8.6/lib/ruby/gems/1.8/gems/activerecord-2.3.2/lib/active_record/connection_adapters/abstract/connection_pool.rb:361:in `call'
    /usr/local/ruby1.8.6/lib/ruby/gems/1.8/gems/actionpack-2.3.2/lib/action_controller/vendor/rack-1.0/rack/head.rb:9:in `call'
    /usr/local/ruby1.8.6/lib/ruby/gems/1.8/gems/actionpack-2.3.2/lib/action_controller/vendor/rack-1.0/rack/methodoverride.rb:24:in `call'
    /usr/local/ruby1.8.6/lib/ruby/gems/1.8/gems/actionpack-2.3.2/lib/action_controller/params_parser.rb:15:in `call'
    /usr/local/ruby1.8.6/lib/ruby/gems/1.8/gems/actionpack-2.3.2/lib/action_controller/rewindable_input.rb:25:in `call'
    /usr/local/ruby1.8.6/lib/ruby/gems/1.8/gems/actionpack-2.3.2/lib/action_controller/session/cookie_store.rb:93:in `call'
    /usr/local/ruby1.8.6/lib/ruby/gems/1.8/gems/actionpack-2.3.2/lib/action_controller/reloader.rb:9:in `call'
    /usr/local/ruby1.8.6/lib/ruby/gems/1.8/gems/actionpack-2.3.2/lib/action_controller/failsafe.rb:11:in `call'
    /usr/local/ruby1.8.6/lib/ruby/gems/1.8/gems/actionpack-2.3.2/lib/action_controller/vendor/rack-1.0/rack/lock.rb:11:in `call'
    /usr/local/ruby1.8.6/lib/ruby/gems/1.8/gems/actionpack-2.3.2/lib/action_controller/vendor/rack-1.0/rack/lock.rb:11:in `synchronize'
    /usr/local/ruby1.8.6/lib/ruby/gems/1.8/gems/actionpack-2.3.2/lib/action_controller/vendor/rack-1.0/rack/lock.rb:11:in `call'
    /usr/local/ruby1.8.6/lib/ruby/gems/1.8/gems/actionpack-2.3.2/lib/action_controller/dispatcher.rb:106:in `call'
    /usr/local/ruby1.8.6/lib/ruby/gems/1.8/gems/rails-2.3.2/lib/rails/rack/static.rb:31:in `call'
    /usr/local/ruby1.8.6/lib/ruby/gems/1.8/gems/actionpack-2.3.2/lib/action_controller/vendor/rack-1.0/rack/urlmap.rb:46:in `call'
    /usr/local/ruby1.8.6/lib/ruby/gems/1.8/gems/actionpack-2.3.2/lib/action_controller/vendor/rack-1.0/rack/urlmap.rb:40:in `each'
    /usr/local/ruby1.8.6/lib/ruby/gems/1.8/gems/actionpack-2.3.2/lib/action_controller/vendor/rack-1.0/rack/urlmap.rb:40:in `call'
    /usr/local/ruby1.8.6/lib/ruby/gems/1.8/gems/rails-2.3.2/lib/rails/rack/log_tailer.rb:17:in `call'
    /usr/local/ruby1.8.6/lib/ruby/gems/1.8/gems/actionpack-2.3.2/lib/action_controller/vendor/rack-1.0/rack/content_length.rb:13:in `call'
    /usr/local/ruby1.8.6/lib/ruby/gems/1.8/gems/actionpack-2.3.2/lib/action_controller/vendor/rack-1.0/rack/handler/webrick.rb:46:in `service'
    /usr/local/ruby1.8.6/lib/ruby/1.8/webrick/httpserver.rb:104:in `service'
    /usr/local/ruby1.8.6/lib/ruby/1.8/webrick/httpserver.rb:65:in `run'
    /usr/local/ruby1.8.6/lib/ruby/1.8/webrick/server.rb:173:in `start_thread'
    /usr/local/ruby1.8.6/lib/ruby/1.8/webrick/server.rb:162:in `start'
    /usr/local/ruby1.8.6/lib/ruby/1.8/webrick/server.rb:162:in `start_thread'
    /usr/local/ruby1.8.6/lib/ruby/1.8/webrick/server.rb:95:in `start'
    /usr/local/ruby1.8.6/lib/ruby/1.8/webrick/server.rb:92:in `each'
    /usr/local/ruby1.8.6/lib/ruby/1.8/webrick/server.rb:92:in `start'
    /usr/local/ruby1.8.6/lib/ruby/1.8/webrick/server.rb:23:in `start'
    /usr/local/ruby1.8.6/lib/ruby/1.8/webrick/server.rb:82:in `start'
    /usr/local/ruby1.8.6/lib/ruby/gems/1.8/gems/actionpack-2.3.2/lib/action_controller/vendor/rack-1.0/rack/handler/webrick.rb:13:in `run'
    /usr/local/ruby1.8.6/lib/ruby/gems/1.8/gems/rails-2.3.2/lib/commands/server.rb:111
    /usr/local/ruby1.8.6/lib/ruby/site_ruby/1.8/rubygems/custom_require.rb:31:in `gem_original_require'
    /usr/local/ruby1.8.6/lib/ruby/site_ruby/1.8/rubygems/custom_require.rb:31:in `require'
    script/server:3
/!\ FAILSAFE /!\  Sun May 24 22:52:50 +0200 2009
  Status: 500 Internal Server Error
  Unknown database 'w_development'
    /usr/local/ruby1.8.6/lib/ruby/gems/1.8/gems/activerecord-2.3.2/lib/active_record/connection_adapters/mysql_adapter.rb:576:in `real_connect'
    /usr/local/ruby1.8.6/lib/ruby/gems/1.8/gems/activerecord-2.3.2/lib/active_record/connection_adapters/mysql_adapter.rb:576:in `connect'
    /usr/local/ruby1.8.6/lib/ruby/gems/1.8/gems/activerecord-2.3.2/lib/active_record/connection_adapters/mysql_adapter.rb:204:in `initialize'
    /usr/local/ruby1.8.6/lib/ruby/gems/1.8/gems/activerecord-2.3.2/lib/active_record/connection_adapters/mysql_adapter.rb:76:in `new'
    /usr/local/ruby1.8.6/lib/ruby/gems/1.8/gems/activerecord-2.3.2/lib/active_record/connection_adapters/mysql_adapter.rb:76:in `mysql_connection'
    /usr/local/ruby1.8.6/lib/ruby/gems/1.8/gems/activerecord-2.3.2/lib/active_record/connection_adapters/abstract/connection_pool.rb:223:in `send'
    /usr/local/ruby1.8.6/lib/ruby/gems/1.8/gems/activerecord-2.3.2/lib/active_record/connection_adapters/abstract/connection_pool.rb:223:in `new_connection'
    /usr/local/ruby1.8.6/lib/ruby/gems/1.8/gems/activerecord-2.3.2/lib/active_record/connection_adapters/abstract/connection_pool.rb:245:in `checkout_new_connection'
    /usr/local/ruby1.8.6/lib/ruby/gems/1.8/gems/activerecord-2.3.2/lib/active_record/connection_adapters/abstract/connection_pool.rb:188:in `checkout'
    /usr/local/ruby1.8.6/lib/ruby/gems/1.8/gems/activerecord-2.3.2/lib/active_record/connection_adapters/abstract/connection_pool.rb:184:in `loop'
    /usr/local/ruby1.8.6/lib/ruby/gems/1.8/gems/activerecord-2.3.2/lib/active_record/connection_adapters/abstract/connection_pool.rb:184:in `checkout'
    /usr/local/ruby1.8.6/lib/ruby/1.8/monitor.rb:242:in `synchronize'
    /usr/local/ruby1.8.6/lib/ruby/gems/1.8/gems/activerecord-2.3.2/lib/active_record/connection_adapters/abstract/connection_pool.rb:183:in `checkout'
    /usr/local/ruby1.8.6/lib/ruby/gems/1.8/gems/activerecord-2.3.2/lib/active_record/connection_adapters/abstract/connection_pool.rb:98:in `connection'
    /usr/local/ruby1.8.6/lib/ruby/gems/1.8/gems/activerecord-2.3.2/lib/active_record/connection_adapters/abstract/connection_pool.rb:326:in `retrieve_connection'
    /usr/local/ruby1.8.6/lib/ruby/gems/1.8/gems/activerecord-2.3.2/lib/active_record/connection_adapters/abstract/connection_specification.rb:123:in `retrieve_connection'
    /usr/local/ruby1.8.6/lib/ruby/gems/1.8/gems/activerecord-2.3.2/lib/active_record/connection_adapters/abstract/connection_specification.rb:115:in `connection'
    /usr/local/ruby1.8.6/lib/ruby/gems/1.8/gems/activerecord-2.3.2/lib/active_record/query_cache.rb:9:in `cache'
    /usr/local/ruby1.8.6/lib/ruby/gems/1.8/gems/activerecord-2.3.2/lib/active_record/query_cache.rb:28:in `call'
    /usr/local/ruby1.8.6/lib/ruby/gems/1.8/gems/activerecord-2.3.2/lib/active_record/connection_adapters/abstract/connection_pool.rb:361:in `call'
    /usr/local/ruby1.8.6/lib/ruby/gems/1.8/gems/actionpack-2.3.2/lib/action_controller/vendor/rack-1.0/rack/head.rb:9:in `call'
    /usr/local/ruby1.8.6/lib/ruby/gems/1.8/gems/actionpack-2.3.2/lib/action_controller/vendor/rack-1.0/rack/methodoverride.rb:24:in `call'
    /usr/local/ruby1.8.6/lib/ruby/gems/1.8/gems/actionpack-2.3.2/lib/action_controller/params_parser.rb:15:in `call'
    /usr/local/ruby1.8.6/lib/ruby/gems/1.8/gems/actionpack-2.3.2/lib/action_controller/rewindable_input.rb:25:in `call'
    /usr/local/ruby1.8.6/lib/ruby/gems/1.8/gems/actionpack-2.3.2/lib/action_controller/session/cookie_store.rb:93:in `call'
    /usr/local/ruby1.8.6/lib/ruby/gems/1.8/gems/actionpack-2.3.2/lib/action_controller/reloader.rb:9:in `call'
    /usr/local/ruby1.8.6/lib/ruby/gems/1.8/gems/actionpack-2.3.2/lib/action_controller/failsafe.rb:11:in `call'
    /usr/local/ruby1.8.6/lib/ruby/gems/1.8/gems/actionpack-2.3.2/lib/action_controller/vendor/rack-1.0/rack/lock.rb:11:in `call'
    /usr/local/ruby1.8.6/lib/ruby/gems/1.8/gems/actionpack-2.3.2/lib/action_controller/vendor/rack-1.0/rack/lock.rb:11:in `synchronize'
    /usr/local/ruby1.8.6/lib/ruby/gems/1.8/gems/actionpack-2.3.2/lib/action_controller/vendor/rack-1.0/rack/lock.rb:11:in `call'
    /usr/local/ruby1.8.6/lib/ruby/gems/1.8/gems/actionpack-2.3.2/lib/action_controller/dispatcher.rb:106:in `call'
    /usr/local/ruby1.8.6/lib/ruby/gems/1.8/gems/rails-2.3.2/lib/rails/rack/static.rb:31:in `call'
    /usr/local/ruby1.8.6/lib/ruby/gems/1.8/gems/actionpack-2.3.2/lib/action_controller/vendor/rack-1.0/rack/urlmap.rb:46:in `call'
    /usr/local/ruby1.8.6/lib/ruby/gems/1.8/gems/actionpack-2.3.2/lib/action_controller/vendor/rack-1.0/rack/urlmap.rb:40:in `each'
    /usr/local/ruby1.8.6/lib/ruby/gems/1.8/gems/actionpack-2.3.2/lib/action_controller/vendor/rack-1.0/rack/urlmap.rb:40:in `call'
    /usr/local/ruby1.8.6/lib/ruby/gems/1.8/gems/rails-2.3.2/lib/rails/rack/log_tailer.rb:17:in `call'
    /usr/local/ruby1.8.6/lib/ruby/gems/1.8/gems/actionpack-2.3.2/lib/action_controller/vendor/rack-1.0/rack/content_length.rb:13:in `call'
    /usr/local/ruby1.8.6/lib/ruby/gems/1.8/gems/actionpack-2.3.2/lib/action_controller/vendor/rack-1.0/rack/handler/webrick.rb:46:in `service'
    /usr/local/ruby1.8.6/lib/ruby/1.8/webrick/httpserver.rb:104:in `service'
    /usr/local/ruby1.8.6/lib/ruby/1.8/webrick/httpserver.rb:65:in `run'
    /usr/local/ruby1.8.6/lib/ruby/1.8/webrick/server.rb:173:in `start_thread'
    /usr/local/ruby1.8.6/lib/ruby/1.8/webrick/server.rb:162:in `start'
    /usr/local/ruby1.8.6/lib/ruby/1.8/webrick/server.rb:162:in `start_thread'
    /usr/local/ruby1.8.6/lib/ruby/1.8/webrick/server.rb:95:in `start'
    /usr/local/ruby1.8.6/lib/ruby/1.8/webrick/server.rb:92:in `each'
    /usr/local/ruby1.8.6/lib/ruby/1.8/webrick/server.rb:92:in `start'
    /usr/local/ruby1.8.6/lib/ruby/1.8/webrick/server.rb:23:in `start'
    /usr/local/ruby1.8.6/lib/ruby/1.8/webrick/server.rb:82:in `start'
    /usr/local/ruby1.8.6/lib/ruby/gems/1.8/gems/actionpack-2.3.2/lib/action_controller/vendor/rack-1.0/rack/handler/webrick.rb:13:in `run'
    /usr/local/ruby1.8.6/lib/ruby/gems/1.8/gems/rails-2.3.2/lib/commands/server.rb:111
    /usr/local/ruby1.8.6/lib/ruby/site_ruby/1.8/rubygems/custom_require.rb:31:in `gem_original_require'
    /usr/local/ruby1.8.6/lib/ruby/site_ruby/1.8/rubygems/custom_require.rb:31:in `require'
    script/server:3
  [4;36;1mSQL (0.1ms)[0m   [0;1mSET SQL_AUTO_IS_NULL=0[0m


Processing ApplicationController#show (for ::1 at 2009-05-24 22:53:11) [GET]
  Parameters: {"id"=>"any"}

NameError (uninitialized constant BookController):
  /usr/local/ruby1.8.6/lib/ruby/1.8/webrick/httpserver.rb:104:in `service'
  /usr/local/ruby1.8.6/lib/ruby/1.8/webrick/httpserver.rb:65:in `run'
  /usr/local/ruby1.8.6/lib/ruby/1.8/webrick/server.rb:173:in `start_thread'
  /usr/local/ruby1.8.6/lib/ruby/1.8/webrick/server.rb:162:in `start'
  /usr/local/ruby1.8.6/lib/ruby/1.8/webrick/server.rb:162:in `start_thread'
  /usr/local/ruby1.8.6/lib/ruby/1.8/webrick/server.rb:95:in `start'
  /usr/local/ruby1.8.6/lib/ruby/1.8/webrick/server.rb:92:in `each'
  /usr/local/ruby1.8.6/lib/ruby/1.8/webrick/server.rb:92:in `start'
  /usr/local/ruby1.8.6/lib/ruby/1.8/webrick/server.rb:23:in `start'
  /usr/local/ruby1.8.6/lib/ruby/1.8/webrick/server.rb:82:in `start'

Rendered rescues/_trace (31.8ms)
Rendered rescues/_request_and_response (1.6ms)
Rendering rescues/layout (internal_server_error)
  [4;35;1mSQL (0.1ms)[0m   [0mSET SQL_AUTO_IS_NULL=0[0m


Processing ApplicationController#show (for ::1 at 2009-05-24 22:53:12) [GET]
  Parameters: {"id"=>"any"}

NameError (uninitialized constant BookController):
  /usr/local/ruby1.8.6/lib/ruby/1.8/webrick/httpserver.rb:104:in `service'
  /usr/local/ruby1.8.6/lib/ruby/1.8/webrick/httpserver.rb:65:in `run'
  /usr/local/ruby1.8.6/lib/ruby/1.8/webrick/server.rb:173:in `start_thread'
  /usr/local/ruby1.8.6/lib/ruby/1.8/webrick/server.rb:162:in `start'
  /usr/local/ruby1.8.6/lib/ruby/1.8/webrick/server.rb:162:in `start_thread'
  /usr/local/ruby1.8.6/lib/ruby/1.8/webrick/server.rb:95:in `start'
  /usr/local/ruby1.8.6/lib/ruby/1.8/webrick/server.rb:92:in `each'
  /usr/local/ruby1.8.6/lib/ruby/1.8/webrick/server.rb:92:in `start'
  /usr/local/ruby1.8.6/lib/ruby/1.8/webrick/server.rb:23:in `start'
  /usr/local/ruby1.8.6/lib/ruby/1.8/webrick/server.rb:82:in `start'

Rendered rescues/_trace (29.5ms)
Rendered rescues/_request_and_response (0.3ms)
Rendering rescues/layout (internal_server_error)
  [4;36;1mSQL (0.1ms)[0m   [0;1mSET SQL_AUTO_IS_NULL=0[0m


Processing ApplicationController#show (for ::1 at 2009-05-24 22:53:13) [GET]
  Parameters: {"id"=>"any"}

NameError (uninitialized constant BookController):
  /usr/local/ruby1.8.6/lib/ruby/1.8/webrick/httpserver.rb:104:in `service'
  /usr/local/ruby1.8.6/lib/ruby/1.8/webrick/httpserver.rb:65:in `run'
  /usr/local/ruby1.8.6/lib/ruby/1.8/webrick/server.rb:173:in `start_thread'
  /usr/local/ruby1.8.6/lib/ruby/1.8/webrick/server.rb:162:in `start'
  /usr/local/ruby1.8.6/lib/ruby/1.8/webrick/server.rb:162:in `start_thread'
  /usr/local/ruby1.8.6/lib/ruby/1.8/webrick/server.rb:95:in `start'
  /usr/local/ruby1.8.6/lib/ruby/1.8/webrick/server.rb:92:in `each'
  /usr/local/ruby1.8.6/lib/ruby/1.8/webrick/server.rb:92:in `start'
  /usr/local/ruby1.8.6/lib/ruby/1.8/webrick/server.rb:23:in `start'
  /usr/local/ruby1.8.6/lib/ruby/1.8/webrick/server.rb:82:in `start'

Rendered rescues/_trace (33.9ms)
Rendered rescues/_request_and_response (69.3ms)
Rendering rescues/layout (internal_server_error)
  [4;35;1mSQL (0.1ms)[0m   [0mSET SQL_AUTO_IS_NULL=0[0m


Processing BooksController#show (for ::1 at 2009-05-24 22:53:23) [GET]
  Parameters: {"id"=>"any"}
Rendering books/show
Completed in 28ms (View: 27, DB: 0) | 200 OK [http://localhost/any]
  [4;36;1mSQL (0.1ms)[0m   [0;1mSET SQL_AUTO_IS_NULL=0[0m


Processing BooksController#show (for ::1 at 2009-05-24 22:53:23) [GET]
  Parameters: {"id"=>"any"}
Rendering books/show
Completed in 2ms (View: 1, DB: 0) | 200 OK [http://localhost/any]
  [4;35;1mSQL (0.1ms)[0m   [0mSET SQL_AUTO_IS_NULL=0[0m


Processing BooksController#show (for ::1 at 2009-05-24 22:53:24) [GET]
  Parameters: {"id"=>"any"}
Rendering books/show
Completed in 2ms (View: 1, DB: 0) | 200 OK [http://localhost/any]
  [4;36;1mSQL (0.1ms)[0m   [0;1mSET SQL_AUTO_IS_NULL=0[0m


Processing BooksController#show (for ::1 at 2009-05-24 22:54:36) [GET]
  Parameters: {"id"=>"any"}
Rendering books/show
Completed in 2ms (View: 1, DB: 0) | 200 OK [http://localhost/any]
  [4;35;1mSQL (0.1ms)[0m   [0mSET SQL_AUTO_IS_NULL=0[0m


Processing BooksController#show (for ::1 at 2009-05-24 22:54:37) [GET]
  Parameters: {"id"=>"any"}
Rendering books/show
Completed in 2ms (View: 1, DB: 0) | 200 OK [http://localhost/any]
  [4;36;1mSQL (0.1ms)[0m   [0;1mSET SQL_AUTO_IS_NULL=0[0m


Processing BooksController#show (for ::1 at 2009-05-24 22:54:50) [GET]
  Parameters: {"id"=>"any"}
Rendering books/show
Completed in 4ms (View: 3, DB: 0) | 200 OK [http://localhost/any]
  [4;35;1mSQL (0.1ms)[0m   [0mSET SQL_AUTO_IS_NULL=0[0m


Processing BooksController#show (for ::1 at 2009-05-24 22:55:03) [GET]
  Parameters: {"id"=>"any"}

NoMethodError (undefined method `new_url' for #<BooksController:0x237ac74>):
  app/controllers/books_controller.rb:8:in `show'
  haml (2.0.9) lib/sass/plugin/rails.rb:19:in `process'
  /usr/local/ruby1.8.6/lib/ruby/1.8/webrick/httpserver.rb:104:in `service'
  /usr/local/ruby1.8.6/lib/ruby/1.8/webrick/httpserver.rb:65:in `run'
  /usr/local/ruby1.8.6/lib/ruby/1.8/webrick/server.rb:173:in `start_thread'
  /usr/local/ruby1.8.6/lib/ruby/1.8/webrick/server.rb:162:in `start'
  /usr/local/ruby1.8.6/lib/ruby/1.8/webrick/server.rb:162:in `start_thread'
  /usr/local/ruby1.8.6/lib/ruby/1.8/webrick/server.rb:95:in `start'
  /usr/local/ruby1.8.6/lib/ruby/1.8/webrick/server.rb:92:in `each'
  /usr/local/ruby1.8.6/lib/ruby/1.8/webrick/server.rb:92:in `start'
  /usr/local/ruby1.8.6/lib/ruby/1.8/webrick/server.rb:23:in `start'
  /usr/local/ruby1.8.6/lib/ruby/1.8/webrick/server.rb:82:in `start'

Rendered rescues/_trace (36.5ms)
Rendered rescues/_request_and_response (0.3ms)
Rendering rescues/layout (internal_server_error)
  [4;36;1mSQL (0.1ms)[0m   [0;1mSET SQL_AUTO_IS_NULL=0[0m


Processing BooksController#show (for ::1 at 2009-05-24 22:55:04) [GET]
  Parameters: {"id"=>"any"}

NoMethodError (undefined method `new_url' for #<BooksController:0x2253328>):
  app/controllers/books_controller.rb:8:in `show'
  haml (2.0.9) lib/sass/plugin/rails.rb:19:in `process'
  /usr/local/ruby1.8.6/lib/ruby/1.8/webrick/httpserver.rb:104:in `service'
  /usr/local/ruby1.8.6/lib/ruby/1.8/webrick/httpserver.rb:65:in `run'
  /usr/local/ruby1.8.6/lib/ruby/1.8/webrick/server.rb:173:in `start_thread'
  /usr/local/ruby1.8.6/lib/ruby/1.8/webrick/server.rb:162:in `start'
  /usr/local/ruby1.8.6/lib/ruby/1.8/webrick/server.rb:162:in `start_thread'
  /usr/local/ruby1.8.6/lib/ruby/1.8/webrick/server.rb:95:in `start'
  /usr/local/ruby1.8.6/lib/ruby/1.8/webrick/server.rb:92:in `each'
  /usr/local/ruby1.8.6/lib/ruby/1.8/webrick/server.rb:92:in `start'
  /usr/local/ruby1.8.6/lib/ruby/1.8/webrick/server.rb:23:in `start'
  /usr/local/ruby1.8.6/lib/ruby/1.8/webrick/server.rb:82:in `start'

Rendered rescues/_trace (108.3ms)
Rendered rescues/_request_and_response (0.3ms)
Rendering rescues/layout (internal_server_error)
  [4;35;1mSQL (0.1ms)[0m   [0mSET SQL_AUTO_IS_NULL=0[0m


Processing BooksController#show (for ::1 at 2009-05-24 22:55:04) [GET]
  Parameters: {"id"=>"any"}

NoMethodError (undefined method `new_url' for #<BooksController:0x24cdd24>):
  app/controllers/books_controller.rb:8:in `show'
  haml (2.0.9) lib/sass/plugin/rails.rb:19:in `process'
  /usr/local/ruby1.8.6/lib/ruby/1.8/webrick/httpserver.rb:104:in `service'
  /usr/local/ruby1.8.6/lib/ruby/1.8/webrick/httpserver.rb:65:in `run'
  /usr/local/ruby1.8.6/lib/ruby/1.8/webrick/server.rb:173:in `start_thread'
  /usr/local/ruby1.8.6/lib/ruby/1.8/webrick/server.rb:162:in `start'
  /usr/local/ruby1.8.6/lib/ruby/1.8/webrick/server.rb:162:in `start_thread'
  /usr/local/ruby1.8.6/lib/ruby/1.8/webrick/server.rb:95:in `start'
  /usr/local/ruby1.8.6/lib/ruby/1.8/webrick/server.rb:92:in `each'
  /usr/local/ruby1.8.6/lib/ruby/1.8/webrick/server.rb:92:in `start'
  /usr/local/ruby1.8.6/lib/ruby/1.8/webrick/server.rb:23:in `start'
  /usr/local/ruby1.8.6/lib/ruby/1.8/webrick/server.rb:82:in `start'

Rendered rescues/_trace (48.3ms)
Rendered rescues/_request_and_response (0.3ms)
Rendering rescues/layout (internal_server_error)
  [4;36;1mSQL (0.2ms)[0m   [0;1mSET SQL_AUTO_IS_NULL=0[0m


Processing BooksController#show (for ::1 at 2009-05-24 22:55:14) [GET]
  Parameters: {"id"=>"any"}
Redirected to http://localhost:3000/books/new
Completed in 2ms (DB: 0) | 302 Found [http://localhost/any]
  [4;35;1mSQL (0.1ms)[0m   [0mSET SQL_AUTO_IS_NULL=0[0m


Processing BooksController#new (for ::1 at 2009-05-24 22:55:14) [GET]
Rendering books/new
Completed in 4ms (View: 3, DB: 0) | 200 OK [http://localhost/books/new]
  [4;36;1mSQL (0.1ms)[0m   [0;1mSET SQL_AUTO_IS_NULL=0[0m


Processing BooksController#new (for ::1 at 2009-05-24 22:55:15) [GET]
Rendering books/new
Completed in 2ms (View: 1, DB: 0) | 200 OK [http://localhost/books/new]
  [4;35;1mSQL (0.1ms)[0m   [0mSET SQL_AUTO_IS_NULL=0[0m


Processing BooksController#new (for ::1 at 2009-05-24 22:55:15) [GET]
Rendering books/new
Completed in 2ms (View: 1, DB: 0) | 200 OK [http://localhost/books/new]
  [4;36;1mSQL (0.1ms)[0m   [0;1mSET SQL_AUTO_IS_NULL=0[0m


Processing BooksController#show (for ::1 at 2009-05-24 23:18:20) [GET]
  Parameters: {"id"=>"gaga"}
Redirected to http://localhost:3000/books/new
Completed in 2ms (DB: 0) | 302 Found [http://localhost/gaga]
  [4;35;1mSQL (0.2ms)[0m   [0mSET SQL_AUTO_IS_NULL=0[0m


Processing BooksController#new (for ::1 at 2009-05-24 23:18:20) [GET]
Rendering books/new
Completed in 2ms (View: 1, DB: 0) | 200 OK [http://localhost/books/new]
  [4;36;1mSQL (0.1ms)[0m   [0;1mSET SQL_AUTO_IS_NULL=0[0m


Processing BooksController#show (for ::1 at 2009-05-24 23:18:58) [GET]
  Parameters: {"id"=>"gaga"}
Redirected to http://localhost:3000/gaga
Completed in 2ms (DB: 0) | 302 Found [http://localhost/gaga]
  [4;35;1mSQL (0.1ms)[0m   [0mSET SQL_AUTO_IS_NULL=0[0m


Processing BooksController#show (for ::1 at 2009-05-24 23:18:58) [GET]
  Parameters: {"id"=>"gaga"}
Redirected to http://localhost:3000/gaga
Completed in 1ms (DB: 0) | 302 Found [http://localhost/gaga]
  [4;36;1mSQL (0.1ms)[0m   [0;1mSET SQL_AUTO_IS_NULL=0[0m


Processing BooksController#show (for ::1 at 2009-05-24 23:18:58) [GET]
  Parameters: {"id"=>"gaga"}
Redirected to http://localhost:3000/gaga
Completed in 2ms (DB: 0) | 302 Found [http://localhost/gaga]
  [4;35;1mSQL (0.1ms)[0m   [0mSET SQL_AUTO_IS_NULL=0[0m


Processing BooksController#show (for ::1 at 2009-05-24 23:18:58) [GET]
  Parameters: {"id"=>"gaga"}
Redirected to http://localhost:3000/gaga
Completed in 2ms (DB: 0) | 302 Found [http://localhost/gaga]
  [4;36;1mSQL (0.1ms)[0m   [0;1mSET SQL_AUTO_IS_NULL=0[0m


Processing BooksController#show (for ::1 at 2009-05-24 23:18:58) [GET]
  Parameters: {"id"=>"gaga"}
Redirected to http://localhost:3000/gaga
Completed in 2ms (DB: 0) | 302 Found [http://localhost/gaga]
  [4;35;1mSQL (0.1ms)[0m   [0mSET SQL_AUTO_IS_NULL=0[0m


Processing BooksController#show (for ::1 at 2009-05-24 23:18:58) [GET]
  Parameters: {"id"=>"gaga"}
Redirected to http://localhost:3000/gaga
Completed in 2ms (DB: 0) | 302 Found [http://localhost/gaga]
  [4;36;1mSQL (0.1ms)[0m   [0;1mSET SQL_AUTO_IS_NULL=0[0m


Processing BooksController#show (for ::1 at 2009-05-24 23:18:58) [GET]
  Parameters: {"id"=>"gaga"}
Redirected to http://localhost:3000/gaga
Completed in 2ms (DB: 0) | 302 Found [http://localhost/gaga]
  [4;35;1mSQL (0.1ms)[0m   [0mSET SQL_AUTO_IS_NULL=0[0m


Processing BooksController#show (for ::1 at 2009-05-24 23:18:58) [GET]
  Parameters: {"id"=>"gaga"}
Redirected to http://localhost:3000/gaga
Completed in 2ms (DB: 0) | 302 Found [http://localhost/gaga]
  [4;36;1mSQL (0.1ms)[0m   [0;1mSET SQL_AUTO_IS_NULL=0[0m


Processing BooksController#show (for ::1 at 2009-05-24 23:18:58) [GET]
  Parameters: {"id"=>"gaga"}
Redirected to http://localhost:3000/gaga
Completed in 2ms (DB: 0) | 302 Found [http://localhost/gaga]
  [4;35;1mSQL (0.1ms)[0m   [0mSET SQL_AUTO_IS_NULL=0[0m


Processing BooksController#show (for ::1 at 2009-05-24 23:18:58) [GET]
  Parameters: {"id"=>"gaga"}
Redirected to http://localhost:3000/gaga
Completed in 2ms (DB: 0) | 302 Found [http://localhost/gaga]
  [4;36;1mSQL (0.1ms)[0m   [0;1mSET SQL_AUTO_IS_NULL=0[0m


Processing BooksController#show (for ::1 at 2009-05-24 23:18:58) [GET]
  Parameters: {"id"=>"gaga"}
Redirected to http://localhost:3000/gaga
Completed in 2ms (DB: 0) | 302 Found [http://localhost/gaga]
  [4;35;1mSQL (0.1ms)[0m   [0mSET SQL_AUTO_IS_NULL=0[0m


Processing BooksController#show (for ::1 at 2009-05-24 23:18:58) [GET]
  Parameters: {"id"=>"gaga"}
Redirected to http://localhost:3000/gaga
Completed in 2ms (DB: 0) | 302 Found [http://localhost/gaga]
  [4;36;1mSQL (0.1ms)[0m   [0;1mSET SQL_AUTO_IS_NULL=0[0m


Processing BooksController#show (for ::1 at 2009-05-24 23:18:58) [GET]
  Parameters: {"id"=>"gaga"}
Redirected to http://localhost:3000/gaga
Completed in 2ms (DB: 0) | 302 Found [http://localhost/gaga]
  [4;35;1mSQL (0.1ms)[0m   [0mSET SQL_AUTO_IS_NULL=0[0m


Processing BooksController#show (for ::1 at 2009-05-24 23:18:58) [GET]
  Parameters: {"id"=>"gaga"}
Redirected to http://localhost:3000/gaga
Completed in 3ms (DB: 0) | 302 Found [http://localhost/gaga]
  [4;36;1mSQL (0.1ms)[0m   [0;1mSET SQL_AUTO_IS_NULL=0[0m


Processing BooksController#show (for ::1 at 2009-05-24 23:18:58) [GET]
  Parameters: {"id"=>"gaga"}
Redirected to http://localhost:3000/gaga
Completed in 2ms (DB: 0) | 302 Found [http://localhost/gaga]
  [4;35;1mSQL (0.1ms)[0m   [0mSET SQL_AUTO_IS_NULL=0[0m


Processing BooksController#show (for ::1 at 2009-05-24 23:18:58) [GET]
  Parameters: {"id"=>"gaga"}
Redirected to http://localhost:3000/gaga
Completed in 1ms (DB: 0) | 302 Found [http://localhost/gaga]
  [4;36;1mSQL (0.1ms)[0m   [0;1mSET SQL_AUTO_IS_NULL=0[0m


Processing BooksController#show (for ::1 at 2009-05-24 23:18:58) [GET]
  Parameters: {"id"=>"gaga"}
Redirected to http://localhost:3000/gaga
Completed in 2ms (DB: 0) | 302 Found [http://localhost/gaga]
  [4;35;1mSQL (0.1ms)[0m   [0mSET SQL_AUTO_IS_NULL=0[0m


Processing BooksController#show (for ::1 at 2009-05-24 23:19:17) [GET]
  Parameters: {"id"=>"gaga"}
Redirected to http://localhost:3000/gaga/new
Completed in 2ms (DB: 0) | 302 Found [http://localhost/gaga]
  [4;36;1mSQL (0.1ms)[0m   [0;1mSET SQL_AUTO_IS_NULL=0[0m


Processing BooksController#new (for ::1 at 2009-05-24 23:19:17) [GET]
  Parameters: {"id"=>"gaga"}
Rendering books/new
Completed in 2ms (View: 1, DB: 0) | 200 OK [http://localhost/gaga/new]
  [4;35;1mSQL (0.1ms)[0m   [0mSET SQL_AUTO_IS_NULL=0[0m


Processing BooksController#new (for ::1 at 2009-05-24 23:19:47) [GET]
  Parameters: {"id"=>"gaga"}
Rendering books/new
Completed in 10ms (View: 1, DB: 0) | 200 OK [http://localhost/gaga/new]
  [4;36;1mSQL (0.1ms)[0m   [0;1mSET SQL_AUTO_IS_NULL=0[0m


Processing BooksController#new (for ::1 at 2009-05-24 23:19:49) [GET]
  Parameters: {"id"=>"gaga"}
Rendering books/new
Completed in 2ms (View: 1, DB: 0) | 200 OK [http://localhost/gaga/new]
  [4;35;1mSQL (0.1ms)[0m   [0mSET SQL_AUTO_IS_NULL=0[0m


Processing BooksController#show (for ::1 at 2009-05-24 23:19:53) [GET]
  Parameters: {"id"=>"suga"}
Redirected to http://localhost:3000/suga/new
Completed in 2ms (DB: 0) | 302 Found [http://localhost/suga]
  [4;36;1mSQL (0.1ms)[0m   [0;1mSET SQL_AUTO_IS_NULL=0[0m


Processing BooksController#new (for ::1 at 2009-05-24 23:19:53) [GET]
  Parameters: {"id"=>"suga"}
Rendering books/new
Completed in 2ms (View: 1, DB: 0) | 200 OK [http://localhost/suga/new]
  [4;35;1mSQL (0.1ms)[0m   [0mSET SQL_AUTO_IS_NULL=0[0m


Processing BooksController#show (for ::1 at 2009-05-24 23:20:02) [GET]
  Parameters: {"id"=>"the tale of the two towers"}
Redirected to http://localhost:3000/the%20tale%20of%20the%20two%20towers/new
Completed in 2ms (DB: 0) | 302 Found [http://localhost/the%20tale%20of%20the%20two%20towers]
  [4;36;1mSQL (0.2ms)[0m   [0;1mSET SQL_AUTO_IS_NULL=0[0m


Processing BooksController#new (for ::1 at 2009-05-24 23:20:02) [GET]
  Parameters: {"id"=>"the tale of the two towers"}
Rendering books/new
Completed in 2ms (View: 1, DB: 0) | 200 OK [http://localhost/the%20tale%20of%20the%20two%20towers/new]
